[2024-05-16T09:49:00.990+0000] {manager.py:487} INFO - Processing files using up to 2 processes at a time 
[2024-05-16T09:49:00.993+0000] {manager.py:488} INFO - Process each file at most once every 30 seconds
[2024-05-16T09:49:00.993+0000] {manager.py:489} INFO - Checking for new files in /opt/airflow/dags every 300 seconds
[2024-05-16T09:49:00.995+0000] {manager.py:755} INFO - Searching for files in /opt/airflow/dags
[2024-05-16T09:49:01.004+0000] {manager.py:758} INFO - There are 0 files in /opt/airflow/dags
[2024-05-16T09:54:01.705+0000] {manager.py:755} INFO - Searching for files in /opt/airflow/dags
[2024-05-16T09:54:01.706+0000] {manager.py:758} INFO - There are 0 files in /opt/airflow/dags
[2024-05-16T10:00:14.141+0000] {manager.py:487} INFO - Processing files using up to 2 processes at a time 
[2024-05-16T10:00:14.146+0000] {manager.py:488} INFO - Process each file at most once every 30 seconds
[2024-05-16T10:00:14.146+0000] {manager.py:489} INFO - Checking for new files in /opt/airflow/dags every 300 seconds
[2024-05-16T10:00:14.153+0000] {manager.py:755} INFO - Searching for files in /opt/airflow/dags
[2024-05-16T10:00:14.158+0000] {manager.py:758} INFO - There are 0 files in /opt/airflow/dags
[2024-05-16T10:05:14.757+0000] {manager.py:755} INFO - Searching for files in /opt/airflow/dags
[2024-05-16T10:05:14.763+0000] {manager.py:758} INFO - There are 0 files in /opt/airflow/dags
[2024-05-16T10:10:15.049+0000] {manager.py:755} INFO - Searching for files in /opt/airflow/dags
[2024-05-16T10:10:15.050+0000] {manager.py:758} INFO - There are 0 files in /opt/airflow/dags
[2024-05-16T10:41:33.232+0000] {manager.py:487} INFO - Processing files using up to 2 processes at a time 
[2024-05-16T10:41:33.234+0000] {manager.py:488} INFO - Process each file at most once every 30 seconds
[2024-05-16T10:41:33.237+0000] {manager.py:489} INFO - Checking for new files in /opt/airflow/dags every 300 seconds
[2024-05-16T10:41:33.237+0000] {manager.py:755} INFO - Searching for files in /opt/airflow/dags
[2024-05-16T10:41:33.241+0000] {manager.py:758} INFO - There are 0 files in /opt/airflow/dags
[2024-05-16T10:46:33.771+0000] {manager.py:755} INFO - Searching for files in /opt/airflow/dags
[2024-05-16T10:46:33.772+0000] {manager.py:758} INFO - There are 0 files in /opt/airflow/dags
[2024-05-16T10:51:34.108+0000] {manager.py:755} INFO - Searching for files in /opt/airflow/dags
[2024-05-16T10:51:34.109+0000] {manager.py:758} INFO - There are 0 files in /opt/airflow/dags
[2024-05-16T10:56:34.438+0000] {manager.py:755} INFO - Searching for files in /opt/airflow/dags
[2024-05-16T10:56:34.439+0000] {manager.py:758} INFO - There are 0 files in /opt/airflow/dags
[2024-05-16T11:01:34.806+0000] {manager.py:755} INFO - Searching for files in /opt/airflow/dags
[2024-05-16T11:01:34.807+0000] {manager.py:758} INFO - There are 0 files in /opt/airflow/dags
[2024-07-17T18:16:14.581+0000] {manager.py:487} INFO - Processing files using up to 2 processes at a time 
[2024-07-17T18:16:14.602+0000] {manager.py:488} INFO - Process each file at most once every 30 seconds
[2024-07-17T18:16:14.603+0000] {manager.py:489} INFO - Checking for new files in /opt/airflow/dags every 300 seconds
[2024-07-17T18:16:14.604+0000] {manager.py:755} INFO - Searching for files in /opt/airflow/dags
[2024-07-17T18:16:14.612+0000] {manager.py:758} INFO - There are 0 files in /opt/airflow/dags
[2024-07-17T18:21:15.488+0000] {manager.py:755} INFO - Searching for files in /opt/airflow/dags
[2024-07-17T18:21:15.490+0000] {manager.py:758} INFO - There are 0 files in /opt/airflow/dags
[2024-07-17T18:26:15.934+0000] {manager.py:755} INFO - Searching for files in /opt/airflow/dags
[2024-07-17T18:26:15.936+0000] {manager.py:758} INFO - There are 0 files in /opt/airflow/dags
[2024-07-17T18:31:16.417+0000] {manager.py:755} INFO - Searching for files in /opt/airflow/dags
[2024-07-17T18:31:16.419+0000] {manager.py:758} INFO - There are 1 files in /opt/airflow/dags
[2024-07-17T18:31:20.008+0000] {manager.py:887} INFO - 
================================================================================
DAG File Processing Stats

File Path                          PID    Runtime      # DAGs    # Errors  Last Runtime    Last Run
---------------------------------  -----  ---------  --------  ----------  --------------  -------------------
/opt/airflow/dags/my_first_dag.py                           1           0  0.16s           2024-07-17T18:31:18
================================================================================
[2024-07-17T18:31:50.290+0000] {manager.py:887} INFO - 
================================================================================
DAG File Processing Stats

File Path                          PID    Runtime      # DAGs    # Errors  Last Runtime    Last Run
---------------------------------  -----  ---------  --------  ----------  --------------  -------------------
/opt/airflow/dags/my_first_dag.py                           1           0  0.16s           2024-07-17T18:31:48
================================================================================
[2024-07-17T18:32:20.505+0000] {manager.py:887} INFO - 
================================================================================
DAG File Processing Stats

File Path                          PID    Runtime      # DAGs    # Errors  Last Runtime    Last Run
---------------------------------  -----  ---------  --------  ----------  --------------  -------------------
/opt/airflow/dags/my_first_dag.py                           1           0  0.18s           2024-07-17T18:32:18
================================================================================
[2024-07-17T18:32:50.767+0000] {manager.py:887} INFO - 
================================================================================
DAG File Processing Stats

File Path                          PID    Runtime      # DAGs    # Errors  Last Runtime    Last Run
---------------------------------  -----  ---------  --------  ----------  --------------  -------------------
/opt/airflow/dags/my_first_dag.py                           1           0  0.21s           2024-07-17T18:32:48
================================================================================
[2024-07-17T18:33:21.018+0000] {manager.py:887} INFO - 
================================================================================
DAG File Processing Stats

File Path                          PID    Runtime      # DAGs    # Errors  Last Runtime    Last Run
---------------------------------  -----  ---------  --------  ----------  --------------  -------------------
/opt/airflow/dags/my_first_dag.py                           1           0  0.18s           2024-07-17T18:33:19
================================================================================
[2024-07-17T18:33:51.522+0000] {manager.py:887} INFO - 
================================================================================
DAG File Processing Stats

File Path                          PID    Runtime      # DAGs    # Errors  Last Runtime    Last Run
---------------------------------  -----  ---------  --------  ----------  --------------  -------------------
/opt/airflow/dags/my_first_dag.py                           1           0  0.16s           2024-07-17T18:33:36
================================================================================
[2024-07-17T18:34:21.840+0000] {manager.py:887} INFO - 
================================================================================
DAG File Processing Stats

File Path                          PID    Runtime      # DAGs    # Errors  Last Runtime    Last Run
---------------------------------  -----  ---------  --------  ----------  --------------  -------------------
/opt/airflow/dags/my_first_dag.py                           1           0  0.16s           2024-07-17T18:34:06
================================================================================
[2024-07-17T18:34:52.103+0000] {manager.py:887} INFO - 
================================================================================
DAG File Processing Stats

File Path                          PID    Runtime      # DAGs    # Errors  Last Runtime    Last Run
---------------------------------  -----  ---------  --------  ----------  --------------  -------------------
/opt/airflow/dags/my_first_dag.py                           1           0  0.16s           2024-07-17T18:34:37
================================================================================
[2024-07-17T18:35:22.419+0000] {manager.py:887} INFO - 
================================================================================
DAG File Processing Stats

File Path                          PID    Runtime      # DAGs    # Errors  Last Runtime    Last Run
---------------------------------  -----  ---------  --------  ----------  --------------  -------------------
/opt/airflow/dags/my_first_dag.py                           1           0  0.30s           2024-07-17T18:35:21
================================================================================
[2024-07-17T18:35:52.739+0000] {manager.py:887} INFO - 
================================================================================
DAG File Processing Stats

File Path                          PID    Runtime      # DAGs    # Errors  Last Runtime    Last Run
---------------------------------  -----  ---------  --------  ----------  --------------  -------------------
/opt/airflow/dags/my_first_dag.py                           1           0  0.18s           2024-07-17T18:35:51
================================================================================
[2024-07-17T18:36:16.869+0000] {manager.py:755} INFO - Searching for files in /opt/airflow/dags
[2024-07-17T18:36:16.870+0000] {manager.py:758} INFO - There are 1 files in /opt/airflow/dags
[2024-07-17T18:36:23.041+0000] {manager.py:887} INFO - 
================================================================================
DAG File Processing Stats

File Path                          PID    Runtime      # DAGs    # Errors  Last Runtime    Last Run
---------------------------------  -----  ---------  --------  ----------  --------------  -------------------
/opt/airflow/dags/my_first_dag.py                           1           0  0.18s           2024-07-17T18:36:22
================================================================================
[2024-07-17T18:36:53.221+0000] {manager.py:887} INFO - 
================================================================================
DAG File Processing Stats

File Path                          PID    Runtime      # DAGs    # Errors  Last Runtime    Last Run
---------------------------------  -----  ---------  --------  ----------  --------------  -------------------
/opt/airflow/dags/my_first_dag.py                           1           0  0.16s           2024-07-17T18:36:52
================================================================================
[2024-07-17T18:37:23.495+0000] {manager.py:887} INFO - 
================================================================================
DAG File Processing Stats

File Path                          PID    Runtime      # DAGs    # Errors  Last Runtime    Last Run
---------------------------------  -----  ---------  --------  ----------  --------------  -------------------
/opt/airflow/dags/my_first_dag.py                           1           0  0.17s           2024-07-17T18:37:22
================================================================================
[2024-07-17T18:37:53.675+0000] {manager.py:887} INFO - 
================================================================================
DAG File Processing Stats

File Path                          PID    Runtime      # DAGs    # Errors  Last Runtime    Last Run
---------------------------------  -----  ---------  --------  ----------  --------------  -------------------
/opt/airflow/dags/my_first_dag.py                           1           0  0.47s           2024-07-17T18:37:37
================================================================================
[2024-07-17T18:38:24.284+0000] {manager.py:887} INFO - 
================================================================================
DAG File Processing Stats

File Path                          PID    Runtime      # DAGs    # Errors  Last Runtime    Last Run
---------------------------------  -----  ---------  --------  ----------  --------------  -------------------
/opt/airflow/dags/my_first_dag.py                           1           0  0.18s           2024-07-17T18:38:07
================================================================================
[2024-07-17T18:38:54.579+0000] {manager.py:887} INFO - 
================================================================================
DAG File Processing Stats

File Path                          PID    Runtime      # DAGs    # Errors  Last Runtime    Last Run
---------------------------------  -----  ---------  --------  ----------  --------------  -------------------
/opt/airflow/dags/my_first_dag.py                           1           0  0.19s           2024-07-17T18:38:37
================================================================================
[2024-07-17T18:39:24.761+0000] {manager.py:887} INFO - 
================================================================================
DAG File Processing Stats

File Path                          PID    Runtime      # DAGs    # Errors  Last Runtime    Last Run
---------------------------------  -----  ---------  --------  ----------  --------------  -------------------
/opt/airflow/dags/my_first_dag.py                           1           0  0.17s           2024-07-17T18:39:07
================================================================================
[2024-07-17T18:39:55.028+0000] {manager.py:887} INFO - 
================================================================================
DAG File Processing Stats

File Path                          PID    Runtime      # DAGs    # Errors  Last Runtime    Last Run
---------------------------------  -----  ---------  --------  ----------  --------------  -------------------
/opt/airflow/dags/my_first_dag.py                           1           0  0.34s           2024-07-17T18:39:31
================================================================================
[2024-07-17T18:40:25.509+0000] {manager.py:887} INFO - 
================================================================================
DAG File Processing Stats

File Path                          PID    Runtime      # DAGs    # Errors  Last Runtime    Last Run
---------------------------------  -----  ---------  --------  ----------  --------------  -------------------
/opt/airflow/dags/my_first_dag.py                           1           0  0.19s           2024-07-17T18:40:01
================================================================================
[2024-07-17T18:40:55.825+0000] {manager.py:887} INFO - 
================================================================================
DAG File Processing Stats

File Path                          PID    Runtime      # DAGs    # Errors  Last Runtime    Last Run
---------------------------------  -----  ---------  --------  ----------  --------------  -------------------
/opt/airflow/dags/my_first_dag.py                           1           0  0.21s           2024-07-17T18:40:31
================================================================================
[2024-07-17T18:41:17.122+0000] {manager.py:755} INFO - Searching for files in /opt/airflow/dags
[2024-07-17T18:41:17.124+0000] {manager.py:758} INFO - There are 1 files in /opt/airflow/dags
[2024-07-17T18:41:26.183+0000] {manager.py:887} INFO - 
================================================================================
DAG File Processing Stats

File Path                          PID    Runtime      # DAGs    # Errors  Last Runtime    Last Run
---------------------------------  -----  ---------  --------  ----------  --------------  -------------------
/opt/airflow/dags/my_first_dag.py                           1           0  0.19s           2024-07-17T18:41:02
================================================================================
[2024-07-17T18:41:56.673+0000] {manager.py:887} INFO - 
================================================================================
DAG File Processing Stats

File Path                          PID    Runtime      # DAGs    # Errors  Last Runtime    Last Run
---------------------------------  -----  ---------  --------  ----------  --------------  -------------------
/opt/airflow/dags/my_first_dag.py                           1           0  0.21s           2024-07-17T18:41:32
================================================================================
[2024-07-17T18:42:26.871+0000] {manager.py:887} INFO - 
================================================================================
DAG File Processing Stats

File Path                          PID    Runtime      # DAGs    # Errors  Last Runtime    Last Run
---------------------------------  -----  ---------  --------  ----------  --------------  -------------------
/opt/airflow/dags/my_first_dag.py                           1           0  0.30s           2024-07-17T18:42:03
================================================================================
[2024-07-17T18:42:57.245+0000] {manager.py:887} INFO - 
================================================================================
DAG File Processing Stats

File Path                          PID    Runtime      # DAGs    # Errors  Last Runtime    Last Run
---------------------------------  -----  ---------  --------  ----------  --------------  -------------------
/opt/airflow/dags/my_first_dag.py                           1           0  0.21s           2024-07-17T18:42:33
================================================================================
[2024-07-17T18:43:27.584+0000] {manager.py:887} INFO - 
================================================================================
DAG File Processing Stats

File Path                          PID    Runtime      # DAGs    # Errors  Last Runtime    Last Run
---------------------------------  -----  ---------  --------  ----------  --------------  -------------------
/opt/airflow/dags/my_first_dag.py                           1           0  0.20s           2024-07-17T18:43:03
================================================================================
[2024-07-17T18:43:58.049+0000] {manager.py:887} INFO - 
================================================================================
DAG File Processing Stats

File Path                          PID    Runtime      # DAGs    # Errors  Last Runtime    Last Run
---------------------------------  -----  ---------  --------  ----------  --------------  -------------------
/opt/airflow/dags/my_first_dag.py                           1           0  0.28s           2024-07-17T18:43:34
================================================================================
[2024-07-17T18:44:28.195+0000] {manager.py:887} INFO - 
================================================================================
DAG File Processing Stats

File Path                          PID    Runtime      # DAGs    # Errors  Last Runtime    Last Run
---------------------------------  -----  ---------  --------  ----------  --------------  -------------------
/opt/airflow/dags/my_first_dag.py                           1           0  0.19s           2024-07-17T18:44:04
================================================================================
[2024-07-17T18:44:58.505+0000] {manager.py:887} INFO - 
================================================================================
DAG File Processing Stats

File Path                          PID    Runtime      # DAGs    # Errors  Last Runtime    Last Run
---------------------------------  -----  ---------  --------  ----------  --------------  -------------------
/opt/airflow/dags/my_first_dag.py                           1           0  0.20s           2024-07-17T18:44:34
================================================================================
[2024-07-17T18:45:28.867+0000] {manager.py:887} INFO - 
================================================================================
DAG File Processing Stats

File Path                          PID    Runtime      # DAGs    # Errors  Last Runtime    Last Run
---------------------------------  -----  ---------  --------  ----------  --------------  -------------------
/opt/airflow/dags/my_first_dag.py                           1           0  0.20s           2024-07-17T18:45:04
================================================================================
[2024-07-17T18:45:59.198+0000] {manager.py:887} INFO - 
================================================================================
DAG File Processing Stats

File Path                          PID    Runtime      # DAGs    # Errors  Last Runtime    Last Run
---------------------------------  -----  ---------  --------  ----------  --------------  -------------------
/opt/airflow/dags/my_first_dag.py                           1           0  0.19s           2024-07-17T18:45:35
================================================================================
[2024-07-17T18:46:17.424+0000] {manager.py:755} INFO - Searching for files in /opt/airflow/dags
[2024-07-17T18:46:17.426+0000] {manager.py:758} INFO - There are 1 files in /opt/airflow/dags
[2024-07-17T18:46:29.494+0000] {manager.py:887} INFO - 
================================================================================
DAG File Processing Stats

File Path                          PID    Runtime      # DAGs    # Errors  Last Runtime    Last Run
---------------------------------  -----  ---------  --------  ----------  --------------  -------------------
/opt/airflow/dags/my_first_dag.py                           1           0  0.20s           2024-07-17T18:46:05
================================================================================
[2024-07-17T18:46:59.662+0000] {manager.py:887} INFO - 
================================================================================
DAG File Processing Stats

File Path                          PID    Runtime      # DAGs    # Errors  Last Runtime    Last Run
---------------------------------  -----  ---------  --------  ----------  --------------  -------------------
/opt/airflow/dags/my_first_dag.py                           1           0  0.20s           2024-07-17T18:46:35
================================================================================
[2024-07-17T18:47:29.965+0000] {manager.py:887} INFO - 
================================================================================
DAG File Processing Stats

File Path                          PID    Runtime      # DAGs    # Errors  Last Runtime    Last Run
---------------------------------  -----  ---------  --------  ----------  --------------  -------------------
/opt/airflow/dags/my_first_dag.py                           1           0  0.19s           2024-07-17T18:47:06
================================================================================
[2024-07-17T18:48:00.281+0000] {manager.py:887} INFO - 
================================================================================
DAG File Processing Stats

File Path                          PID    Runtime      # DAGs    # Errors  Last Runtime    Last Run
---------------------------------  -----  ---------  --------  ----------  --------------  -------------------
/opt/airflow/dags/my_first_dag.py                           1           0  0.24s           2024-07-17T18:47:36
================================================================================
[2024-07-17T18:48:30.648+0000] {manager.py:887} INFO - 
================================================================================
DAG File Processing Stats

File Path                          PID    Runtime      # DAGs    # Errors  Last Runtime    Last Run
---------------------------------  -----  ---------  --------  ----------  --------------  -------------------
/opt/airflow/dags/my_first_dag.py                           1           0  0.18s           2024-07-17T18:48:06
================================================================================
[2024-07-17T18:49:00.965+0000] {manager.py:887} INFO - 
================================================================================
DAG File Processing Stats

File Path                          PID    Runtime      # DAGs    # Errors  Last Runtime    Last Run
---------------------------------  -----  ---------  --------  ----------  --------------  -------------------
/opt/airflow/dags/my_first_dag.py                           1           0  0.20s           2024-07-17T18:48:37
================================================================================
[2024-07-17T18:49:31.287+0000] {manager.py:887} INFO - 
================================================================================
DAG File Processing Stats

File Path                          PID    Runtime      # DAGs    # Errors  Last Runtime    Last Run
---------------------------------  -----  ---------  --------  ----------  --------------  -------------------
/opt/airflow/dags/my_first_dag.py                           1           0  0.28s           2024-07-17T18:49:07
================================================================================
[2024-07-17T18:50:01.871+0000] {manager.py:887} INFO - 
================================================================================
DAG File Processing Stats

File Path                          PID    Runtime      # DAGs    # Errors  Last Runtime    Last Run
---------------------------------  -----  ---------  --------  ----------  --------------  -------------------
/opt/airflow/dags/my_first_dag.py                           1           0  0.35s           2024-07-17T18:49:59
================================================================================
[2024-07-17T18:50:32.164+0000] {manager.py:887} INFO - 
================================================================================
DAG File Processing Stats

File Path                          PID    Runtime      # DAGs    # Errors  Last Runtime    Last Run
---------------------------------  -----  ---------  --------  ----------  --------------  -------------------
/opt/airflow/dags/my_first_dag.py                           1           0  0.22s           2024-07-17T18:50:29
================================================================================
[2024-07-17T18:51:02.504+0000] {manager.py:887} INFO - 
================================================================================
DAG File Processing Stats

File Path                          PID    Runtime      # DAGs    # Errors  Last Runtime    Last Run
---------------------------------  -----  ---------  --------  ----------  --------------  -------------------
/opt/airflow/dags/my_first_dag.py                           1           0  0.22s           2024-07-17T18:50:59
================================================================================
[2024-07-17T18:51:17.570+0000] {manager.py:755} INFO - Searching for files in /opt/airflow/dags
[2024-07-17T18:51:17.571+0000] {manager.py:758} INFO - There are 1 files in /opt/airflow/dags
[2024-07-17T18:51:32.841+0000] {manager.py:887} INFO - 
================================================================================
DAG File Processing Stats

File Path                          PID    Runtime      # DAGs    # Errors  Last Runtime    Last Run
---------------------------------  -----  ---------  --------  ----------  --------------  -------------------
/opt/airflow/dags/my_first_dag.py                           1           0  0.22s           2024-07-17T18:51:30
================================================================================
[2024-07-17T18:52:03.188+0000] {manager.py:887} INFO - 
================================================================================
DAG File Processing Stats

File Path                          PID    Runtime      # DAGs    # Errors  Last Runtime    Last Run
---------------------------------  -----  ---------  --------  ----------  --------------  -------------------
/opt/airflow/dags/my_first_dag.py                           1           0  0.31s           2024-07-17T18:52:00
================================================================================
[2024-07-17T18:52:33.621+0000] {manager.py:887} INFO - 
================================================================================
DAG File Processing Stats

File Path                          PID    Runtime      # DAGs    # Errors  Last Runtime    Last Run
---------------------------------  -----  ---------  --------  ----------  --------------  -------------------
/opt/airflow/dags/my_first_dag.py                           1           0  0.21s           2024-07-17T18:52:30
================================================================================
[2024-07-17T18:53:03.958+0000] {manager.py:887} INFO - 
================================================================================
DAG File Processing Stats

File Path                          PID    Runtime      # DAGs    # Errors  Last Runtime    Last Run
---------------------------------  -----  ---------  --------  ----------  --------------  -------------------
/opt/airflow/dags/my_first_dag.py                           1           0  0.29s           2024-07-17T18:53:01
================================================================================
[2024-07-17T18:53:34.371+0000] {manager.py:887} INFO - 
================================================================================
DAG File Processing Stats

File Path                          PID    Runtime      # DAGs    # Errors  Last Runtime    Last Run
---------------------------------  -----  ---------  --------  ----------  --------------  -------------------
/opt/airflow/dags/my_first_dag.py                           1           0  0.22s           2024-07-17T18:53:31
================================================================================
[2024-07-17T18:54:04.720+0000] {manager.py:887} INFO - 
================================================================================
DAG File Processing Stats

File Path                          PID    Runtime      # DAGs    # Errors  Last Runtime    Last Run
---------------------------------  -----  ---------  --------  ----------  --------------  -------------------
/opt/airflow/dags/my_first_dag.py                           1           0  0.23s           2024-07-17T18:54:01
================================================================================
[2024-07-17T18:54:35.121+0000] {manager.py:887} INFO - 
================================================================================
DAG File Processing Stats

File Path                          PID    Runtime      # DAGs    # Errors  Last Runtime    Last Run
---------------------------------  -----  ---------  --------  ----------  --------------  -------------------
/opt/airflow/dags/my_first_dag.py                           1           0  0.23s           2024-07-17T18:54:32
================================================================================
[2024-07-17T18:55:05.476+0000] {manager.py:887} INFO - 
================================================================================
DAG File Processing Stats

File Path                          PID    Runtime      # DAGs    # Errors  Last Runtime    Last Run
---------------------------------  -----  ---------  --------  ----------  --------------  -------------------
/opt/airflow/dags/my_first_dag.py                           1           0  0.23s           2024-07-17T18:55:02
================================================================================
[2024-07-17T18:55:35.826+0000] {manager.py:887} INFO - 
================================================================================
DAG File Processing Stats

File Path                          PID    Runtime      # DAGs    # Errors  Last Runtime    Last Run
---------------------------------  -----  ---------  --------  ----------  --------------  -------------------
/opt/airflow/dags/my_first_dag.py                           1           0  0.22s           2024-07-17T18:55:33
================================================================================
[2024-07-17T18:56:06.167+0000] {manager.py:887} INFO - 
================================================================================
DAG File Processing Stats

File Path                          PID    Runtime      # DAGs    # Errors  Last Runtime    Last Run
---------------------------------  -----  ---------  --------  ----------  --------------  -------------------
/opt/airflow/dags/my_first_dag.py                           1           0  0.22s           2024-07-17T18:56:03
================================================================================
[2024-07-17T18:56:18.220+0000] {manager.py:755} INFO - Searching for files in /opt/airflow/dags
[2024-07-17T18:56:18.222+0000] {manager.py:758} INFO - There are 1 files in /opt/airflow/dags
[2024-07-17T18:56:36.506+0000] {manager.py:887} INFO - 
================================================================================
DAG File Processing Stats

File Path                          PID    Runtime      # DAGs    # Errors  Last Runtime    Last Run
---------------------------------  -----  ---------  --------  ----------  --------------  -------------------
/opt/airflow/dags/my_first_dag.py                           1           0  0.23s           2024-07-17T18:56:33
================================================================================
[2024-07-17T18:57:06.864+0000] {manager.py:887} INFO - 
================================================================================
DAG File Processing Stats

File Path                          PID    Runtime      # DAGs    # Errors  Last Runtime    Last Run
---------------------------------  -----  ---------  --------  ----------  --------------  -------------------
/opt/airflow/dags/my_first_dag.py                           1           0  0.23s           2024-07-17T18:57:04
================================================================================
[2024-07-17T18:57:37.214+0000] {manager.py:887} INFO - 
================================================================================
DAG File Processing Stats

File Path                          PID    Runtime      # DAGs    # Errors  Last Runtime    Last Run
---------------------------------  -----  ---------  --------  ----------  --------------  -------------------
/opt/airflow/dags/my_first_dag.py                           1           0  0.24s           2024-07-17T18:57:34
================================================================================
[2024-07-17T18:58:07.597+0000] {manager.py:887} INFO - 
================================================================================
DAG File Processing Stats

File Path                          PID    Runtime      # DAGs    # Errors  Last Runtime    Last Run
---------------------------------  -----  ---------  --------  ----------  --------------  -------------------
/opt/airflow/dags/my_first_dag.py                           1           0  0.44s           2024-07-17T18:58:05
================================================================================
[2024-07-17T18:58:38.172+0000] {manager.py:887} INFO - 
================================================================================
DAG File Processing Stats

File Path                          PID    Runtime      # DAGs    # Errors  Last Runtime    Last Run
---------------------------------  -----  ---------  --------  ----------  --------------  -------------------
/opt/airflow/dags/my_first_dag.py                           1           0  0.34s           2024-07-17T18:58:35
================================================================================
[2024-07-17T18:59:08.637+0000] {manager.py:887} INFO - 
================================================================================
DAG File Processing Stats

File Path                          PID    Runtime      # DAGs    # Errors  Last Runtime    Last Run
---------------------------------  -----  ---------  --------  ----------  --------------  -------------------
/opt/airflow/dags/my_first_dag.py                           1           0  0.22s           2024-07-17T18:59:05
================================================================================
[2024-07-17T18:59:38.991+0000] {manager.py:887} INFO - 
================================================================================
DAG File Processing Stats

File Path                          PID    Runtime      # DAGs    # Errors  Last Runtime    Last Run
---------------------------------  -----  ---------  --------  ----------  --------------  -------------------
/opt/airflow/dags/my_first_dag.py                           1           0  0.22s           2024-07-17T18:59:36
================================================================================
[2024-07-17T19:00:09.353+0000] {manager.py:887} INFO - 
================================================================================
DAG File Processing Stats

File Path                          PID    Runtime      # DAGs    # Errors  Last Runtime    Last Run
---------------------------------  -----  ---------  --------  ----------  --------------  -------------------
/opt/airflow/dags/my_first_dag.py                           1           0  0.28s           2024-07-17T19:00:06
================================================================================
[2024-07-17T19:00:39.769+0000] {manager.py:887} INFO - 
================================================================================
DAG File Processing Stats

File Path                          PID    Runtime      # DAGs    # Errors  Last Runtime    Last Run
---------------------------------  -----  ---------  --------  ----------  --------------  -------------------
/opt/airflow/dags/my_first_dag.py                           1           0  0.27s           2024-07-17T19:00:37
================================================================================
[2024-07-17T19:01:10.170+0000] {manager.py:887} INFO - 
================================================================================
DAG File Processing Stats

File Path                          PID    Runtime      # DAGs    # Errors  Last Runtime    Last Run
---------------------------------  -----  ---------  --------  ----------  --------------  -------------------
/opt/airflow/dags/my_first_dag.py                           1           0  0.23s           2024-07-17T19:01:07
================================================================================
[2024-07-17T19:01:18.432+0000] {manager.py:755} INFO - Searching for files in /opt/airflow/dags
[2024-07-17T19:01:18.455+0000] {manager.py:758} INFO - There are 1 files in /opt/airflow/dags
[2024-07-17T19:01:40.591+0000] {manager.py:887} INFO - 
================================================================================
DAG File Processing Stats

File Path                          PID    Runtime      # DAGs    # Errors  Last Runtime    Last Run
---------------------------------  -----  ---------  --------  ----------  --------------  -------------------
/opt/airflow/dags/my_first_dag.py                           1           0  0.21s           2024-07-17T19:01:37
================================================================================
[2024-07-17T19:02:10.936+0000] {manager.py:887} INFO - 
================================================================================
DAG File Processing Stats

File Path                          PID    Runtime      # DAGs    # Errors  Last Runtime    Last Run
---------------------------------  -----  ---------  --------  ----------  --------------  -------------------
/opt/airflow/dags/my_first_dag.py                           1           0  0.21s           2024-07-17T19:02:08
================================================================================
[2024-07-17T19:02:40.967+0000] {manager.py:887} INFO - 
================================================================================
DAG File Processing Stats

File Path                          PID    Runtime      # DAGs    # Errors  Last Runtime    Last Run
---------------------------------  -----  ---------  --------  ----------  --------------  -------------------
/opt/airflow/dags/my_first_dag.py                           1           0  0.67s           2024-07-17T19:02:38
================================================================================
[2024-07-17T19:03:11.104+0000] {manager.py:887} INFO - 
================================================================================
DAG File Processing Stats

File Path                          PID    Runtime      # DAGs    # Errors  Last Runtime    Last Run
---------------------------------  -----  ---------  --------  ----------  --------------  -------------------
/opt/airflow/dags/my_first_dag.py                           1           0  0.21s           2024-07-17T19:03:09
================================================================================
[2024-07-17T19:03:41.469+0000] {manager.py:887} INFO - 
================================================================================
DAG File Processing Stats

File Path                          PID    Runtime      # DAGs    # Errors  Last Runtime    Last Run
---------------------------------  -----  ---------  --------  ----------  --------------  -------------------
/opt/airflow/dags/my_first_dag.py                           1           0  0.21s           2024-07-17T19:03:39
================================================================================
[2024-07-17T19:04:11.613+0000] {manager.py:887} INFO - 
================================================================================
DAG File Processing Stats

File Path                          PID    Runtime      # DAGs    # Errors  Last Runtime    Last Run
---------------------------------  -----  ---------  --------  ----------  --------------  -------------------
/opt/airflow/dags/my_first_dag.py                           0           1  0.08s           2024-07-17T19:03:59
================================================================================
[2024-07-17T19:04:41.830+0000] {manager.py:887} INFO - 
================================================================================
DAG File Processing Stats

File Path                          PID    Runtime      # DAGs    # Errors  Last Runtime    Last Run
---------------------------------  -----  ---------  --------  ----------  --------------  -------------------
/opt/airflow/dags/my_first_dag.py                           0           1  0.08s           2024-07-17T19:04:29
================================================================================
[2024-07-17T19:05:12.010+0000] {manager.py:887} INFO - 
================================================================================
DAG File Processing Stats

File Path                          PID    Runtime      # DAGs    # Errors  Last Runtime    Last Run
---------------------------------  -----  ---------  --------  ----------  --------------  -------------------
/opt/airflow/dags/my_first_dag.py                           0           1  0.09s           2024-07-17T19:05:00
================================================================================
[2024-07-17T19:05:42.221+0000] {manager.py:887} INFO - 
================================================================================
DAG File Processing Stats

File Path                          PID    Runtime      # DAGs    # Errors  Last Runtime    Last Run
---------------------------------  -----  ---------  --------  ----------  --------------  -------------------
/opt/airflow/dags/my_first_dag.py                           0           1  0.14s           2024-07-17T19:05:30
================================================================================
[2024-07-17T19:06:12.418+0000] {manager.py:887} INFO - 
================================================================================
DAG File Processing Stats

File Path                          PID    Runtime      # DAGs    # Errors  Last Runtime    Last Run
---------------------------------  -----  ---------  --------  ----------  --------------  -------------------
/opt/airflow/dags/my_first_dag.py                           0           1  0.07s           2024-07-17T19:06:00
================================================================================
[2024-07-17T19:06:18.444+0000] {manager.py:755} INFO - Searching for files in /opt/airflow/dags
[2024-07-17T19:06:18.446+0000] {manager.py:758} INFO - There are 1 files in /opt/airflow/dags
[2024-07-17T19:06:42.584+0000] {manager.py:887} INFO - 
================================================================================
DAG File Processing Stats

File Path                          PID    Runtime      # DAGs    # Errors  Last Runtime    Last Run
---------------------------------  -----  ---------  --------  ----------  --------------  -------------------
/opt/airflow/dags/my_first_dag.py                           0           1  0.07s           2024-07-17T19:06:30
================================================================================
[2024-07-17T19:07:12.768+0000] {manager.py:887} INFO - 
================================================================================
DAG File Processing Stats

File Path                          PID    Runtime      # DAGs    # Errors  Last Runtime    Last Run
---------------------------------  -----  ---------  --------  ----------  --------------  -------------------
/opt/airflow/dags/my_first_dag.py                           0           1  0.07s           2024-07-17T19:07:00
================================================================================
[2024-07-17T19:07:42.935+0000] {manager.py:887} INFO - 
================================================================================
DAG File Processing Stats

File Path                          PID    Runtime      # DAGs    # Errors  Last Runtime    Last Run
---------------------------------  -----  ---------  --------  ----------  --------------  -------------------
/opt/airflow/dags/my_first_dag.py                           0           1  0.07s           2024-07-17T19:07:30
================================================================================
[2024-07-17T19:08:13.105+0000] {manager.py:887} INFO - 
================================================================================
DAG File Processing Stats

File Path                          PID    Runtime      # DAGs    # Errors  Last Runtime    Last Run
---------------------------------  -----  ---------  --------  ----------  --------------  -------------------
/opt/airflow/dags/my_first_dag.py                           0           1  0.07s           2024-07-17T19:08:01
================================================================================
[2024-07-17T19:08:43.283+0000] {manager.py:887} INFO - 
================================================================================
DAG File Processing Stats

File Path                          PID    Runtime      # DAGs    # Errors  Last Runtime    Last Run
---------------------------------  -----  ---------  --------  ----------  --------------  -------------------
/opt/airflow/dags/my_first_dag.py                           0           1  0.07s           2024-07-17T19:08:31
================================================================================
[2024-07-17T19:09:13.453+0000] {manager.py:887} INFO - 
================================================================================
DAG File Processing Stats

File Path                          PID    Runtime      # DAGs    # Errors  Last Runtime    Last Run
---------------------------------  -----  ---------  --------  ----------  --------------  -------------------
/opt/airflow/dags/my_first_dag.py                           0           1  0.07s           2024-07-17T19:09:01
================================================================================
[2024-07-17T19:09:43.650+0000] {manager.py:887} INFO - 
================================================================================
DAG File Processing Stats

File Path                          PID    Runtime      # DAGs    # Errors  Last Runtime    Last Run
---------------------------------  -----  ---------  --------  ----------  --------------  -------------------
/opt/airflow/dags/my_first_dag.py                           0           1  0.08s           2024-07-17T19:09:31
================================================================================
[2024-07-17T19:10:13.817+0000] {manager.py:887} INFO - 
================================================================================
DAG File Processing Stats

File Path                          PID    Runtime      # DAGs    # Errors  Last Runtime    Last Run
---------------------------------  -----  ---------  --------  ----------  --------------  -------------------
/opt/airflow/dags/my_first_dag.py                           0           1  0.10s           2024-07-17T19:10:01
================================================================================
[2024-07-17T19:10:44.035+0000] {manager.py:887} INFO - 
================================================================================
DAG File Processing Stats

File Path                          PID    Runtime      # DAGs    # Errors  Last Runtime    Last Run
---------------------------------  -----  ---------  --------  ----------  --------------  -------------------
/opt/airflow/dags/my_first_dag.py                           0           1  0.16s           2024-07-17T19:10:32
================================================================================
[2024-07-17T19:11:14.187+0000] {manager.py:887} INFO - 
================================================================================
DAG File Processing Stats

File Path                          PID    Runtime      # DAGs    # Errors  Last Runtime    Last Run
---------------------------------  -----  ---------  --------  ----------  --------------  -------------------
/opt/airflow/dags/my_first_dag.py                           0           1  0.08s           2024-07-17T19:11:02
================================================================================
