[2024-07-17T18:31:16.474+0000] {processor.py:157} INFO - Started process (PID=254) to work on /opt/airflow/dags/my_first_dag.py
[2024-07-17T18:31:16.476+0000] {processor.py:829} INFO - Processing file /opt/airflow/dags/my_first_dag.py for tasks to queue
[2024-07-17T18:31:16.480+0000] {logging_mixin.py:154} INFO - [2024-07-17T18:31:16.479+0000] {dagbag.py:536} INFO - Filling up the DagBag from /opt/airflow/dags/my_first_dag.py
[2024-07-17T18:31:16.525+0000] {processor.py:839} INFO - DAG(s) dict_keys(['etl_dag']) retrieved from /opt/airflow/dags/my_first_dag.py
[2024-07-17T18:31:16.878+0000] {logging_mixin.py:154} INFO - [2024-07-17T18:31:16.878+0000] {manager.py:499} INFO - Created Permission View: %s
[2024-07-17T18:31:16.894+0000] {logging_mixin.py:154} INFO - [2024-07-17T18:31:16.894+0000] {manager.py:499} INFO - Created Permission View: %s
[2024-07-17T18:31:16.905+0000] {logging_mixin.py:154} INFO - [2024-07-17T18:31:16.905+0000] {manager.py:499} INFO - Created Permission View: %s
[2024-07-17T18:31:16.906+0000] {logging_mixin.py:154} INFO - [2024-07-17T18:31:16.905+0000] {dag.py:2941} INFO - Sync 1 DAGs
[2024-07-17T18:31:16.921+0000] {logging_mixin.py:154} INFO - [2024-07-17T18:31:16.921+0000] {dag.py:2963} INFO - Creating ORM DAG for etl_dag
[2024-07-17T18:31:16.939+0000] {logging_mixin.py:154} INFO - [2024-07-17T18:31:16.939+0000] {dag.py:3722} INFO - Setting next_dagrun for etl_dag to 2024-07-16T00:00:00+00:00, run_after=2024-07-17T00:00:00+00:00
[2024-07-17T18:31:16.967+0000] {processor.py:179} INFO - Processing /opt/airflow/dags/my_first_dag.py took 0.499 seconds
[2024-07-17T18:31:18.002+0000] {processor.py:157} INFO - Started process (PID=255) to work on /opt/airflow/dags/my_first_dag.py
[2024-07-17T18:31:18.004+0000] {processor.py:829} INFO - Processing file /opt/airflow/dags/my_first_dag.py for tasks to queue
[2024-07-17T18:31:18.011+0000] {logging_mixin.py:154} INFO - [2024-07-17T18:31:18.010+0000] {dagbag.py:536} INFO - Filling up the DagBag from /opt/airflow/dags/my_first_dag.py
[2024-07-17T18:31:18.033+0000] {processor.py:839} INFO - DAG(s) dict_keys(['etl_dag']) retrieved from /opt/airflow/dags/my_first_dag.py
[2024-07-17T18:31:18.054+0000] {logging_mixin.py:154} INFO - [2024-07-17T18:31:18.054+0000] {dag.py:2941} INFO - Sync 1 DAGs
[2024-07-17T18:31:18.095+0000] {logging_mixin.py:154} INFO - [2024-07-17T18:31:18.095+0000] {dag.py:3722} INFO - Setting next_dagrun for etl_dag to 2024-07-16T00:00:00+00:00, run_after=2024-07-17T00:00:00+00:00
[2024-07-17T18:31:18.132+0000] {processor.py:179} INFO - Processing /opt/airflow/dags/my_first_dag.py took 0.135 seconds
[2024-07-17T18:31:48.190+0000] {processor.py:157} INFO - Started process (PID=263) to work on /opt/airflow/dags/my_first_dag.py
[2024-07-17T18:31:48.192+0000] {processor.py:829} INFO - Processing file /opt/airflow/dags/my_first_dag.py for tasks to queue
[2024-07-17T18:31:48.197+0000] {logging_mixin.py:154} INFO - [2024-07-17T18:31:48.196+0000] {dagbag.py:536} INFO - Filling up the DagBag from /opt/airflow/dags/my_first_dag.py
[2024-07-17T18:31:48.217+0000] {processor.py:839} INFO - DAG(s) dict_keys(['etl_dag']) retrieved from /opt/airflow/dags/my_first_dag.py
[2024-07-17T18:31:48.258+0000] {logging_mixin.py:154} INFO - [2024-07-17T18:31:48.257+0000] {dag.py:2941} INFO - Sync 1 DAGs
[2024-07-17T18:31:48.294+0000] {logging_mixin.py:154} INFO - [2024-07-17T18:31:48.293+0000] {dag.py:3722} INFO - Setting next_dagrun for etl_dag to 2024-07-16T00:00:00+00:00, run_after=2024-07-17T00:00:00+00:00
[2024-07-17T18:31:48.324+0000] {processor.py:179} INFO - Processing /opt/airflow/dags/my_first_dag.py took 0.140 seconds
[2024-07-17T18:32:18.467+0000] {processor.py:157} INFO - Started process (PID=272) to work on /opt/airflow/dags/my_first_dag.py
[2024-07-17T18:32:18.469+0000] {processor.py:829} INFO - Processing file /opt/airflow/dags/my_first_dag.py for tasks to queue
[2024-07-17T18:32:18.474+0000] {logging_mixin.py:154} INFO - [2024-07-17T18:32:18.473+0000] {dagbag.py:536} INFO - Filling up the DagBag from /opt/airflow/dags/my_first_dag.py
[2024-07-17T18:32:18.496+0000] {processor.py:839} INFO - DAG(s) dict_keys(['etl_dag']) retrieved from /opt/airflow/dags/my_first_dag.py
[2024-07-17T18:32:18.538+0000] {logging_mixin.py:154} INFO - [2024-07-17T18:32:18.538+0000] {dag.py:2941} INFO - Sync 1 DAGs
[2024-07-17T18:32:18.577+0000] {logging_mixin.py:154} INFO - [2024-07-17T18:32:18.577+0000] {dag.py:3722} INFO - Setting next_dagrun for etl_dag to 2024-07-16T00:00:00+00:00, run_after=2024-07-17T00:00:00+00:00
[2024-07-17T18:32:18.609+0000] {processor.py:179} INFO - Processing /opt/airflow/dags/my_first_dag.py took 0.160 seconds
[2024-07-17T18:32:48.671+0000] {processor.py:157} INFO - Started process (PID=280) to work on /opt/airflow/dags/my_first_dag.py
[2024-07-17T18:32:48.673+0000] {processor.py:829} INFO - Processing file /opt/airflow/dags/my_first_dag.py for tasks to queue
[2024-07-17T18:32:48.679+0000] {logging_mixin.py:154} INFO - [2024-07-17T18:32:48.679+0000] {dagbag.py:536} INFO - Filling up the DagBag from /opt/airflow/dags/my_first_dag.py
[2024-07-17T18:32:48.701+0000] {processor.py:839} INFO - DAG(s) dict_keys(['etl_dag']) retrieved from /opt/airflow/dags/my_first_dag.py
[2024-07-17T18:32:48.749+0000] {logging_mixin.py:154} INFO - [2024-07-17T18:32:48.748+0000] {dag.py:2941} INFO - Sync 1 DAGs
[2024-07-17T18:32:48.808+0000] {logging_mixin.py:154} INFO - [2024-07-17T18:32:48.808+0000] {dag.py:3722} INFO - Setting next_dagrun for etl_dag to 2024-07-16T00:00:00+00:00, run_after=2024-07-17T00:00:00+00:00
[2024-07-17T18:32:48.846+0000] {processor.py:179} INFO - Processing /opt/airflow/dags/my_first_dag.py took 0.182 seconds
[2024-07-17T18:33:18.915+0000] {processor.py:157} INFO - Started process (PID=287) to work on /opt/airflow/dags/my_first_dag.py
[2024-07-17T18:33:18.917+0000] {processor.py:829} INFO - Processing file /opt/airflow/dags/my_first_dag.py for tasks to queue
[2024-07-17T18:33:18.922+0000] {logging_mixin.py:154} INFO - [2024-07-17T18:33:18.921+0000] {dagbag.py:536} INFO - Filling up the DagBag from /opt/airflow/dags/my_first_dag.py
[2024-07-17T18:33:18.939+0000] {processor.py:839} INFO - DAG(s) dict_keys(['etl_dag']) retrieved from /opt/airflow/dags/my_first_dag.py
[2024-07-17T18:33:18.990+0000] {logging_mixin.py:154} INFO - [2024-07-17T18:33:18.989+0000] {dag.py:2941} INFO - Sync 1 DAGs
[2024-07-17T18:33:19.030+0000] {logging_mixin.py:154} INFO - [2024-07-17T18:33:19.030+0000] {dag.py:3722} INFO - Setting next_dagrun for etl_dag to 2024-07-16T00:00:00+00:00, run_after=2024-07-17T00:00:00+00:00
[2024-07-17T18:33:19.072+0000] {processor.py:179} INFO - Processing /opt/airflow/dags/my_first_dag.py took 0.162 seconds
[2024-07-17T18:33:35.120+0000] {processor.py:157} INFO - Started process (PID=288) to work on /opt/airflow/dags/my_first_dag.py
[2024-07-17T18:33:35.123+0000] {processor.py:829} INFO - Processing file /opt/airflow/dags/my_first_dag.py for tasks to queue
[2024-07-17T18:33:35.126+0000] {logging_mixin.py:154} INFO - [2024-07-17T18:33:35.126+0000] {dagbag.py:536} INFO - Filling up the DagBag from /opt/airflow/dags/my_first_dag.py
[2024-07-17T18:33:35.148+0000] {processor.py:839} INFO - DAG(s) dict_keys(['etl_dag']) retrieved from /opt/airflow/dags/my_first_dag.py
[2024-07-17T18:33:35.332+0000] {logging_mixin.py:154} INFO - [2024-07-17T18:33:35.331+0000] {dag.py:2941} INFO - Sync 1 DAGs
[2024-07-17T18:33:35.376+0000] {logging_mixin.py:154} INFO - [2024-07-17T18:33:35.375+0000] {dag.py:3722} INFO - Setting next_dagrun for etl_dag to 2024-07-16T00:00:00+00:00, run_after=2024-07-17T00:00:00+00:00
[2024-07-17T18:33:35.420+0000] {processor.py:179} INFO - Processing /opt/airflow/dags/my_first_dag.py took 0.306 seconds
[2024-07-17T18:33:36.460+0000] {processor.py:157} INFO - Started process (PID=289) to work on /opt/airflow/dags/my_first_dag.py
[2024-07-17T18:33:36.463+0000] {processor.py:829} INFO - Processing file /opt/airflow/dags/my_first_dag.py for tasks to queue
[2024-07-17T18:33:36.468+0000] {logging_mixin.py:154} INFO - [2024-07-17T18:33:36.467+0000] {dagbag.py:536} INFO - Filling up the DagBag from /opt/airflow/dags/my_first_dag.py
[2024-07-17T18:33:36.488+0000] {processor.py:839} INFO - DAG(s) dict_keys(['etl_dag']) retrieved from /opt/airflow/dags/my_first_dag.py
[2024-07-17T18:33:36.515+0000] {logging_mixin.py:154} INFO - [2024-07-17T18:33:36.514+0000] {dag.py:2941} INFO - Sync 1 DAGs
[2024-07-17T18:33:36.557+0000] {logging_mixin.py:154} INFO - [2024-07-17T18:33:36.557+0000] {dag.py:3722} INFO - Setting next_dagrun for etl_dag to 2024-07-16T00:00:00+00:00, run_after=2024-07-17T00:00:00+00:00
[2024-07-17T18:33:36.593+0000] {processor.py:179} INFO - Processing /opt/airflow/dags/my_first_dag.py took 0.139 seconds
[2024-07-17T18:34:06.752+0000] {processor.py:157} INFO - Started process (PID=297) to work on /opt/airflow/dags/my_first_dag.py
[2024-07-17T18:34:06.754+0000] {processor.py:829} INFO - Processing file /opt/airflow/dags/my_first_dag.py for tasks to queue
[2024-07-17T18:34:06.758+0000] {logging_mixin.py:154} INFO - [2024-07-17T18:34:06.758+0000] {dagbag.py:536} INFO - Filling up the DagBag from /opt/airflow/dags/my_first_dag.py
[2024-07-17T18:34:06.776+0000] {processor.py:839} INFO - DAG(s) dict_keys(['etl_dag']) retrieved from /opt/airflow/dags/my_first_dag.py
[2024-07-17T18:34:06.828+0000] {logging_mixin.py:154} INFO - [2024-07-17T18:34:06.828+0000] {dag.py:2941} INFO - Sync 1 DAGs
[2024-07-17T18:34:06.862+0000] {logging_mixin.py:154} INFO - [2024-07-17T18:34:06.862+0000] {dag.py:3722} INFO - Setting next_dagrun for etl_dag to 2024-07-16T00:00:00+00:00, run_after=2024-07-17T00:00:00+00:00
[2024-07-17T18:34:06.889+0000] {processor.py:179} INFO - Processing /opt/airflow/dags/my_first_dag.py took 0.142 seconds
[2024-07-17T18:34:36.932+0000] {processor.py:157} INFO - Started process (PID=305) to work on /opt/airflow/dags/my_first_dag.py
[2024-07-17T18:34:36.934+0000] {processor.py:829} INFO - Processing file /opt/airflow/dags/my_first_dag.py for tasks to queue
[2024-07-17T18:34:36.938+0000] {logging_mixin.py:154} INFO - [2024-07-17T18:34:36.937+0000] {dagbag.py:536} INFO - Filling up the DagBag from /opt/airflow/dags/my_first_dag.py
[2024-07-17T18:34:36.957+0000] {processor.py:839} INFO - DAG(s) dict_keys(['etl_dag']) retrieved from /opt/airflow/dags/my_first_dag.py
[2024-07-17T18:34:36.998+0000] {logging_mixin.py:154} INFO - [2024-07-17T18:34:36.998+0000] {dag.py:2941} INFO - Sync 1 DAGs
[2024-07-17T18:34:37.036+0000] {logging_mixin.py:154} INFO - [2024-07-17T18:34:37.036+0000] {dag.py:3722} INFO - Setting next_dagrun for etl_dag to 2024-07-16T00:00:00+00:00, run_after=2024-07-17T00:00:00+00:00
[2024-07-17T18:34:37.068+0000] {processor.py:179} INFO - Processing /opt/airflow/dags/my_first_dag.py took 0.141 seconds
[2024-07-17T18:35:07.215+0000] {processor.py:157} INFO - Started process (PID=313) to work on /opt/airflow/dags/my_first_dag.py
[2024-07-17T18:35:07.216+0000] {processor.py:829} INFO - Processing file /opt/airflow/dags/my_first_dag.py for tasks to queue
[2024-07-17T18:35:07.221+0000] {logging_mixin.py:154} INFO - [2024-07-17T18:35:07.220+0000] {dagbag.py:536} INFO - Filling up the DagBag from /opt/airflow/dags/my_first_dag.py
[2024-07-17T18:35:07.239+0000] {processor.py:839} INFO - DAG(s) dict_keys(['etl_dag']) retrieved from /opt/airflow/dags/my_first_dag.py
[2024-07-17T18:35:07.278+0000] {logging_mixin.py:154} INFO - [2024-07-17T18:35:07.277+0000] {dag.py:2941} INFO - Sync 1 DAGs
[2024-07-17T18:35:07.313+0000] {logging_mixin.py:154} INFO - [2024-07-17T18:35:07.313+0000] {dag.py:3722} INFO - Setting next_dagrun for etl_dag to 2024-07-16T00:00:00+00:00, run_after=2024-07-17T00:00:00+00:00
[2024-07-17T18:35:07.343+0000] {processor.py:179} INFO - Processing /opt/airflow/dags/my_first_dag.py took 0.134 seconds
[2024-07-17T18:35:21.301+0000] {processor.py:157} INFO - Started process (PID=322) to work on /opt/airflow/dags/my_first_dag.py
[2024-07-17T18:35:21.303+0000] {processor.py:829} INFO - Processing file /opt/airflow/dags/my_first_dag.py for tasks to queue
[2024-07-17T18:35:21.308+0000] {logging_mixin.py:154} INFO - [2024-07-17T18:35:21.307+0000] {dagbag.py:536} INFO - Filling up the DagBag from /opt/airflow/dags/my_first_dag.py
[2024-07-17T18:35:21.332+0000] {processor.py:839} INFO - DAG(s) dict_keys(['etl_dag']) retrieved from /opt/airflow/dags/my_first_dag.py
[2024-07-17T18:35:21.510+0000] {logging_mixin.py:154} INFO - [2024-07-17T18:35:21.509+0000] {dag.py:2941} INFO - Sync 1 DAGs
[2024-07-17T18:35:21.543+0000] {logging_mixin.py:154} INFO - [2024-07-17T18:35:21.542+0000] {dag.py:3722} INFO - Setting next_dagrun for etl_dag to 2024-07-16T00:00:00+00:00, run_after=2024-07-17T00:00:00+00:00
[2024-07-17T18:35:21.574+0000] {processor.py:179} INFO - Processing /opt/airflow/dags/my_first_dag.py took 0.278 seconds
[2024-07-17T18:35:51.743+0000] {processor.py:157} INFO - Started process (PID=331) to work on /opt/airflow/dags/my_first_dag.py
[2024-07-17T18:35:51.745+0000] {processor.py:829} INFO - Processing file /opt/airflow/dags/my_first_dag.py for tasks to queue
[2024-07-17T18:35:51.750+0000] {logging_mixin.py:154} INFO - [2024-07-17T18:35:51.749+0000] {dagbag.py:536} INFO - Filling up the DagBag from /opt/airflow/dags/my_first_dag.py
[2024-07-17T18:35:51.775+0000] {processor.py:839} INFO - DAG(s) dict_keys(['etl_dag']) retrieved from /opt/airflow/dags/my_first_dag.py
[2024-07-17T18:35:51.830+0000] {logging_mixin.py:154} INFO - [2024-07-17T18:35:51.829+0000] {dag.py:2941} INFO - Sync 1 DAGs
[2024-07-17T18:35:51.867+0000] {logging_mixin.py:154} INFO - [2024-07-17T18:35:51.867+0000] {dag.py:3722} INFO - Setting next_dagrun for etl_dag to 2024-07-16T00:00:00+00:00, run_after=2024-07-17T00:00:00+00:00
[2024-07-17T18:35:51.896+0000] {processor.py:179} INFO - Processing /opt/airflow/dags/my_first_dag.py took 0.158 seconds
[2024-07-17T18:36:21.924+0000] {processor.py:157} INFO - Started process (PID=338) to work on /opt/airflow/dags/my_first_dag.py
[2024-07-17T18:36:21.926+0000] {processor.py:829} INFO - Processing file /opt/airflow/dags/my_first_dag.py for tasks to queue
[2024-07-17T18:36:21.930+0000] {logging_mixin.py:154} INFO - [2024-07-17T18:36:21.929+0000] {dagbag.py:536} INFO - Filling up the DagBag from /opt/airflow/dags/my_first_dag.py
[2024-07-17T18:36:21.968+0000] {processor.py:839} INFO - DAG(s) dict_keys(['etl_dag']) retrieved from /opt/airflow/dags/my_first_dag.py
[2024-07-17T18:36:22.015+0000] {logging_mixin.py:154} INFO - [2024-07-17T18:36:22.015+0000] {dag.py:2941} INFO - Sync 1 DAGs
[2024-07-17T18:36:22.051+0000] {logging_mixin.py:154} INFO - [2024-07-17T18:36:22.051+0000] {dag.py:3722} INFO - Setting next_dagrun for etl_dag to 2024-07-16T00:00:00+00:00, run_after=2024-07-17T00:00:00+00:00
[2024-07-17T18:36:22.079+0000] {processor.py:179} INFO - Processing /opt/airflow/dags/my_first_dag.py took 0.160 seconds
[2024-07-17T18:36:52.210+0000] {processor.py:157} INFO - Started process (PID=346) to work on /opt/airflow/dags/my_first_dag.py
[2024-07-17T18:36:52.212+0000] {processor.py:829} INFO - Processing file /opt/airflow/dags/my_first_dag.py for tasks to queue
[2024-07-17T18:36:52.217+0000] {logging_mixin.py:154} INFO - [2024-07-17T18:36:52.216+0000] {dagbag.py:536} INFO - Filling up the DagBag from /opt/airflow/dags/my_first_dag.py
[2024-07-17T18:36:52.240+0000] {processor.py:839} INFO - DAG(s) dict_keys(['etl_dag']) retrieved from /opt/airflow/dags/my_first_dag.py
[2024-07-17T18:36:52.286+0000] {logging_mixin.py:154} INFO - [2024-07-17T18:36:52.286+0000] {dag.py:2941} INFO - Sync 1 DAGs
[2024-07-17T18:36:52.318+0000] {logging_mixin.py:154} INFO - [2024-07-17T18:36:52.318+0000] {dag.py:3722} INFO - Setting next_dagrun for etl_dag to 2024-07-16T00:00:00+00:00, run_after=2024-07-17T00:00:00+00:00
[2024-07-17T18:36:52.346+0000] {processor.py:179} INFO - Processing /opt/airflow/dags/my_first_dag.py took 0.143 seconds
[2024-07-17T18:37:22.379+0000] {processor.py:157} INFO - Started process (PID=354) to work on /opt/airflow/dags/my_first_dag.py
[2024-07-17T18:37:22.381+0000] {processor.py:829} INFO - Processing file /opt/airflow/dags/my_first_dag.py for tasks to queue
[2024-07-17T18:37:22.386+0000] {logging_mixin.py:154} INFO - [2024-07-17T18:37:22.385+0000] {dagbag.py:536} INFO - Filling up the DagBag from /opt/airflow/dags/my_first_dag.py
[2024-07-17T18:37:22.411+0000] {processor.py:839} INFO - DAG(s) dict_keys(['etl_dag']) retrieved from /opt/airflow/dags/my_first_dag.py
[2024-07-17T18:37:22.459+0000] {logging_mixin.py:154} INFO - [2024-07-17T18:37:22.459+0000] {dag.py:2941} INFO - Sync 1 DAGs
[2024-07-17T18:37:22.495+0000] {logging_mixin.py:154} INFO - [2024-07-17T18:37:22.494+0000] {dag.py:3722} INFO - Setting next_dagrun for etl_dag to 2024-07-16T00:00:00+00:00, run_after=2024-07-17T00:00:00+00:00
[2024-07-17T18:37:22.524+0000] {processor.py:179} INFO - Processing /opt/airflow/dags/my_first_dag.py took 0.150 seconds
[2024-07-17T18:37:36.576+0000] {processor.py:157} INFO - Started process (PID=355) to work on /opt/airflow/dags/my_first_dag.py
[2024-07-17T18:37:36.578+0000] {processor.py:829} INFO - Processing file /opt/airflow/dags/my_first_dag.py for tasks to queue
[2024-07-17T18:37:36.582+0000] {logging_mixin.py:154} INFO - [2024-07-17T18:37:36.582+0000] {dagbag.py:536} INFO - Filling up the DagBag from /opt/airflow/dags/my_first_dag.py
[2024-07-17T18:37:36.623+0000] {processor.py:839} INFO - DAG(s) dict_keys(['etl_dag']) retrieved from /opt/airflow/dags/my_first_dag.py
[2024-07-17T18:37:36.897+0000] {logging_mixin.py:154} INFO - [2024-07-17T18:37:36.897+0000] {dag.py:2941} INFO - Sync 1 DAGs
[2024-07-17T18:37:36.963+0000] {logging_mixin.py:154} INFO - [2024-07-17T18:37:36.962+0000] {dag.py:3722} INFO - Setting next_dagrun for etl_dag to 2024-07-16T00:00:00+00:00, run_after=2024-07-17T00:00:00+00:00
[2024-07-17T18:37:37.006+0000] {processor.py:179} INFO - Processing /opt/airflow/dags/my_first_dag.py took 0.436 seconds
[2024-07-17T18:38:07.184+0000] {processor.py:157} INFO - Started process (PID=363) to work on /opt/airflow/dags/my_first_dag.py
[2024-07-17T18:38:07.186+0000] {processor.py:829} INFO - Processing file /opt/airflow/dags/my_first_dag.py for tasks to queue
[2024-07-17T18:38:07.190+0000] {logging_mixin.py:154} INFO - [2024-07-17T18:38:07.190+0000] {dagbag.py:536} INFO - Filling up the DagBag from /opt/airflow/dags/my_first_dag.py
[2024-07-17T18:38:07.224+0000] {processor.py:839} INFO - DAG(s) dict_keys(['etl_dag']) retrieved from /opt/airflow/dags/my_first_dag.py
[2024-07-17T18:38:07.270+0000] {logging_mixin.py:154} INFO - [2024-07-17T18:38:07.270+0000] {dag.py:2941} INFO - Sync 1 DAGs
[2024-07-17T18:38:07.305+0000] {logging_mixin.py:154} INFO - [2024-07-17T18:38:07.305+0000] {dag.py:3722} INFO - Setting next_dagrun for etl_dag to 2024-07-16T00:00:00+00:00, run_after=2024-07-17T00:00:00+00:00
[2024-07-17T18:38:07.333+0000] {processor.py:179} INFO - Processing /opt/airflow/dags/my_first_dag.py took 0.156 seconds
[2024-07-17T18:38:37.366+0000] {processor.py:157} INFO - Started process (PID=371) to work on /opt/airflow/dags/my_first_dag.py
[2024-07-17T18:38:37.368+0000] {processor.py:829} INFO - Processing file /opt/airflow/dags/my_first_dag.py for tasks to queue
[2024-07-17T18:38:37.372+0000] {logging_mixin.py:154} INFO - [2024-07-17T18:38:37.372+0000] {dagbag.py:536} INFO - Filling up the DagBag from /opt/airflow/dags/my_first_dag.py
[2024-07-17T18:38:37.398+0000] {processor.py:839} INFO - DAG(s) dict_keys(['etl_dag']) retrieved from /opt/airflow/dags/my_first_dag.py
[2024-07-17T18:38:37.450+0000] {logging_mixin.py:154} INFO - [2024-07-17T18:38:37.450+0000] {dag.py:2941} INFO - Sync 1 DAGs
[2024-07-17T18:38:37.489+0000] {logging_mixin.py:154} INFO - [2024-07-17T18:38:37.489+0000] {dag.py:3722} INFO - Setting next_dagrun for etl_dag to 2024-07-16T00:00:00+00:00, run_after=2024-07-17T00:00:00+00:00
[2024-07-17T18:38:37.526+0000] {processor.py:179} INFO - Processing /opt/airflow/dags/my_first_dag.py took 0.165 seconds
[2024-07-17T18:39:07.663+0000] {processor.py:157} INFO - Started process (PID=380) to work on /opt/airflow/dags/my_first_dag.py
[2024-07-17T18:39:07.665+0000] {processor.py:829} INFO - Processing file /opt/airflow/dags/my_first_dag.py for tasks to queue
[2024-07-17T18:39:07.669+0000] {logging_mixin.py:154} INFO - [2024-07-17T18:39:07.668+0000] {dagbag.py:536} INFO - Filling up the DagBag from /opt/airflow/dags/my_first_dag.py
[2024-07-17T18:39:07.693+0000] {processor.py:839} INFO - DAG(s) dict_keys(['etl_dag']) retrieved from /opt/airflow/dags/my_first_dag.py
[2024-07-17T18:39:07.739+0000] {logging_mixin.py:154} INFO - [2024-07-17T18:39:07.739+0000] {dag.py:2941} INFO - Sync 1 DAGs
[2024-07-17T18:39:07.774+0000] {logging_mixin.py:154} INFO - [2024-07-17T18:39:07.773+0000] {dag.py:3722} INFO - Setting next_dagrun for etl_dag to 2024-07-16T00:00:00+00:00, run_after=2024-07-17T00:00:00+00:00
[2024-07-17T18:39:07.804+0000] {processor.py:179} INFO - Processing /opt/airflow/dags/my_first_dag.py took 0.150 seconds
[2024-07-17T18:39:30.931+0000] {processor.py:157} INFO - Started process (PID=389) to work on /opt/airflow/dags/my_first_dag.py
[2024-07-17T18:39:30.932+0000] {processor.py:829} INFO - Processing file /opt/airflow/dags/my_first_dag.py for tasks to queue
[2024-07-17T18:39:30.936+0000] {logging_mixin.py:154} INFO - [2024-07-17T18:39:30.936+0000] {dagbag.py:536} INFO - Filling up the DagBag from /opt/airflow/dags/my_first_dag.py
[2024-07-17T18:39:30.965+0000] {processor.py:839} INFO - DAG(s) dict_keys(['etl_dag']) retrieved from /opt/airflow/dags/my_first_dag.py
[2024-07-17T18:39:31.167+0000] {logging_mixin.py:154} INFO - [2024-07-17T18:39:31.167+0000] {dag.py:2941} INFO - Sync 1 DAGs
[2024-07-17T18:39:31.197+0000] {logging_mixin.py:154} INFO - [2024-07-17T18:39:31.196+0000] {dag.py:3722} INFO - Setting next_dagrun for etl_dag to 2024-07-16T00:00:00+00:00, run_after=2024-07-17T00:00:00+00:00
[2024-07-17T18:39:31.239+0000] {processor.py:179} INFO - Processing /opt/airflow/dags/my_first_dag.py took 0.314 seconds
[2024-07-17T18:40:01.403+0000] {processor.py:157} INFO - Started process (PID=397) to work on /opt/airflow/dags/my_first_dag.py
[2024-07-17T18:40:01.405+0000] {processor.py:829} INFO - Processing file /opt/airflow/dags/my_first_dag.py for tasks to queue
[2024-07-17T18:40:01.409+0000] {logging_mixin.py:154} INFO - [2024-07-17T18:40:01.408+0000] {dagbag.py:536} INFO - Filling up the DagBag from /opt/airflow/dags/my_first_dag.py
[2024-07-17T18:40:01.436+0000] {processor.py:839} INFO - DAG(s) dict_keys(['etl_dag']) retrieved from /opt/airflow/dags/my_first_dag.py
[2024-07-17T18:40:01.504+0000] {logging_mixin.py:154} INFO - [2024-07-17T18:40:01.503+0000] {dag.py:2941} INFO - Sync 1 DAGs
[2024-07-17T18:40:01.535+0000] {logging_mixin.py:154} INFO - [2024-07-17T18:40:01.535+0000] {dag.py:3722} INFO - Setting next_dagrun for etl_dag to 2024-07-16T00:00:00+00:00, run_after=2024-07-17T00:00:00+00:00
[2024-07-17T18:40:01.563+0000] {processor.py:179} INFO - Processing /opt/airflow/dags/my_first_dag.py took 0.165 seconds
[2024-07-17T18:40:31.719+0000] {processor.py:157} INFO - Started process (PID=405) to work on /opt/airflow/dags/my_first_dag.py
[2024-07-17T18:40:31.721+0000] {processor.py:829} INFO - Processing file /opt/airflow/dags/my_first_dag.py for tasks to queue
[2024-07-17T18:40:31.725+0000] {logging_mixin.py:154} INFO - [2024-07-17T18:40:31.724+0000] {dagbag.py:536} INFO - Filling up the DagBag from /opt/airflow/dags/my_first_dag.py
[2024-07-17T18:40:31.753+0000] {processor.py:839} INFO - DAG(s) dict_keys(['etl_dag']) retrieved from /opt/airflow/dags/my_first_dag.py
[2024-07-17T18:40:31.824+0000] {logging_mixin.py:154} INFO - [2024-07-17T18:40:31.823+0000] {dag.py:2941} INFO - Sync 1 DAGs
[2024-07-17T18:40:31.864+0000] {logging_mixin.py:154} INFO - [2024-07-17T18:40:31.864+0000] {dag.py:3722} INFO - Setting next_dagrun for etl_dag to 2024-07-16T00:00:00+00:00, run_after=2024-07-17T00:00:00+00:00
[2024-07-17T18:40:31.894+0000] {processor.py:179} INFO - Processing /opt/airflow/dags/my_first_dag.py took 0.180 seconds
[2024-07-17T18:41:02.061+0000] {processor.py:157} INFO - Started process (PID=413) to work on /opt/airflow/dags/my_first_dag.py
[2024-07-17T18:41:02.063+0000] {processor.py:829} INFO - Processing file /opt/airflow/dags/my_first_dag.py for tasks to queue
[2024-07-17T18:41:02.066+0000] {logging_mixin.py:154} INFO - [2024-07-17T18:41:02.066+0000] {dagbag.py:536} INFO - Filling up the DagBag from /opt/airflow/dags/my_first_dag.py
[2024-07-17T18:41:02.097+0000] {processor.py:839} INFO - DAG(s) dict_keys(['etl_dag']) retrieved from /opt/airflow/dags/my_first_dag.py
[2024-07-17T18:41:02.169+0000] {logging_mixin.py:154} INFO - [2024-07-17T18:41:02.168+0000] {dag.py:2941} INFO - Sync 1 DAGs
[2024-07-17T18:41:02.202+0000] {logging_mixin.py:154} INFO - [2024-07-17T18:41:02.201+0000] {dag.py:3722} INFO - Setting next_dagrun for etl_dag to 2024-07-16T00:00:00+00:00, run_after=2024-07-17T00:00:00+00:00
[2024-07-17T18:41:02.232+0000] {processor.py:179} INFO - Processing /opt/airflow/dags/my_first_dag.py took 0.176 seconds
[2024-07-17T18:41:32.401+0000] {processor.py:157} INFO - Started process (PID=421) to work on /opt/airflow/dags/my_first_dag.py
[2024-07-17T18:41:32.403+0000] {processor.py:829} INFO - Processing file /opt/airflow/dags/my_first_dag.py for tasks to queue
[2024-07-17T18:41:32.409+0000] {logging_mixin.py:154} INFO - [2024-07-17T18:41:32.408+0000] {dagbag.py:536} INFO - Filling up the DagBag from /opt/airflow/dags/my_first_dag.py
[2024-07-17T18:41:32.445+0000] {processor.py:839} INFO - DAG(s) dict_keys(['etl_dag']) retrieved from /opt/airflow/dags/my_first_dag.py
[2024-07-17T18:41:32.518+0000] {logging_mixin.py:154} INFO - [2024-07-17T18:41:32.518+0000] {dag.py:2941} INFO - Sync 1 DAGs
[2024-07-17T18:41:32.550+0000] {logging_mixin.py:154} INFO - [2024-07-17T18:41:32.549+0000] {dag.py:3722} INFO - Setting next_dagrun for etl_dag to 2024-07-16T00:00:00+00:00, run_after=2024-07-17T00:00:00+00:00
[2024-07-17T18:41:32.578+0000] {processor.py:179} INFO - Processing /opt/airflow/dags/my_first_dag.py took 0.183 seconds
[2024-07-17T18:42:02.743+0000] {processor.py:157} INFO - Started process (PID=429) to work on /opt/airflow/dags/my_first_dag.py
[2024-07-17T18:42:02.751+0000] {processor.py:829} INFO - Processing file /opt/airflow/dags/my_first_dag.py for tasks to queue
[2024-07-17T18:42:02.756+0000] {logging_mixin.py:154} INFO - [2024-07-17T18:42:02.756+0000] {dagbag.py:536} INFO - Filling up the DagBag from /opt/airflow/dags/my_first_dag.py
[2024-07-17T18:42:02.811+0000] {processor.py:839} INFO - DAG(s) dict_keys(['etl_dag']) retrieved from /opt/airflow/dags/my_first_dag.py
[2024-07-17T18:42:02.910+0000] {logging_mixin.py:154} INFO - [2024-07-17T18:42:02.910+0000] {dag.py:2941} INFO - Sync 1 DAGs
[2024-07-17T18:42:02.955+0000] {logging_mixin.py:154} INFO - [2024-07-17T18:42:02.954+0000] {dag.py:3722} INFO - Setting next_dagrun for etl_dag to 2024-07-17T00:00:00+00:00, run_after=2024-07-18T00:00:00+00:00
[2024-07-17T18:42:02.988+0000] {processor.py:179} INFO - Processing /opt/airflow/dags/my_first_dag.py took 0.259 seconds
[2024-07-17T18:42:33.142+0000] {processor.py:157} INFO - Started process (PID=438) to work on /opt/airflow/dags/my_first_dag.py
[2024-07-17T18:42:33.144+0000] {processor.py:829} INFO - Processing file /opt/airflow/dags/my_first_dag.py for tasks to queue
[2024-07-17T18:42:33.149+0000] {logging_mixin.py:154} INFO - [2024-07-17T18:42:33.148+0000] {dagbag.py:536} INFO - Filling up the DagBag from /opt/airflow/dags/my_first_dag.py
[2024-07-17T18:42:33.178+0000] {processor.py:839} INFO - DAG(s) dict_keys(['etl_dag']) retrieved from /opt/airflow/dags/my_first_dag.py
[2024-07-17T18:42:33.248+0000] {logging_mixin.py:154} INFO - [2024-07-17T18:42:33.248+0000] {dag.py:2941} INFO - Sync 1 DAGs
[2024-07-17T18:42:33.282+0000] {logging_mixin.py:154} INFO - [2024-07-17T18:42:33.282+0000] {dag.py:3722} INFO - Setting next_dagrun for etl_dag to 2024-07-17T00:00:00+00:00, run_after=2024-07-18T00:00:00+00:00
[2024-07-17T18:42:33.324+0000] {processor.py:179} INFO - Processing /opt/airflow/dags/my_first_dag.py took 0.188 seconds
[2024-07-17T18:43:03.479+0000] {processor.py:157} INFO - Started process (PID=447) to work on /opt/airflow/dags/my_first_dag.py
[2024-07-17T18:43:03.480+0000] {processor.py:829} INFO - Processing file /opt/airflow/dags/my_first_dag.py for tasks to queue
[2024-07-17T18:43:03.484+0000] {logging_mixin.py:154} INFO - [2024-07-17T18:43:03.483+0000] {dagbag.py:536} INFO - Filling up the DagBag from /opt/airflow/dags/my_first_dag.py
[2024-07-17T18:43:03.509+0000] {processor.py:839} INFO - DAG(s) dict_keys(['etl_dag']) retrieved from /opt/airflow/dags/my_first_dag.py
[2024-07-17T18:43:03.579+0000] {logging_mixin.py:154} INFO - [2024-07-17T18:43:03.579+0000] {dag.py:2941} INFO - Sync 1 DAGs
[2024-07-17T18:43:03.626+0000] {logging_mixin.py:154} INFO - [2024-07-17T18:43:03.625+0000] {dag.py:3722} INFO - Setting next_dagrun for etl_dag to 2024-07-17T00:00:00+00:00, run_after=2024-07-18T00:00:00+00:00
[2024-07-17T18:43:03.653+0000] {processor.py:179} INFO - Processing /opt/airflow/dags/my_first_dag.py took 0.180 seconds
[2024-07-17T18:43:33.815+0000] {processor.py:157} INFO - Started process (PID=455) to work on /opt/airflow/dags/my_first_dag.py
[2024-07-17T18:43:33.817+0000] {processor.py:829} INFO - Processing file /opt/airflow/dags/my_first_dag.py for tasks to queue
[2024-07-17T18:43:33.821+0000] {logging_mixin.py:154} INFO - [2024-07-17T18:43:33.821+0000] {dagbag.py:536} INFO - Filling up the DagBag from /opt/airflow/dags/my_first_dag.py
[2024-07-17T18:43:33.857+0000] {processor.py:839} INFO - DAG(s) dict_keys(['etl_dag']) retrieved from /opt/airflow/dags/my_first_dag.py
[2024-07-17T18:43:33.971+0000] {logging_mixin.py:154} INFO - [2024-07-17T18:43:33.970+0000] {dag.py:2941} INFO - Sync 1 DAGs
[2024-07-17T18:43:34.028+0000] {logging_mixin.py:154} INFO - [2024-07-17T18:43:34.028+0000] {dag.py:3722} INFO - Setting next_dagrun for etl_dag to 2024-07-17T00:00:00+00:00, run_after=2024-07-18T00:00:00+00:00
[2024-07-17T18:43:34.057+0000] {processor.py:179} INFO - Processing /opt/airflow/dags/my_first_dag.py took 0.249 seconds
[2024-07-17T18:44:04.093+0000] {processor.py:157} INFO - Started process (PID=463) to work on /opt/airflow/dags/my_first_dag.py
[2024-07-17T18:44:04.095+0000] {processor.py:829} INFO - Processing file /opt/airflow/dags/my_first_dag.py for tasks to queue
[2024-07-17T18:44:04.099+0000] {logging_mixin.py:154} INFO - [2024-07-17T18:44:04.098+0000] {dagbag.py:536} INFO - Filling up the DagBag from /opt/airflow/dags/my_first_dag.py
[2024-07-17T18:44:04.128+0000] {processor.py:839} INFO - DAG(s) dict_keys(['etl_dag']) retrieved from /opt/airflow/dags/my_first_dag.py
[2024-07-17T18:44:04.202+0000] {logging_mixin.py:154} INFO - [2024-07-17T18:44:04.202+0000] {dag.py:2941} INFO - Sync 1 DAGs
[2024-07-17T18:44:04.238+0000] {logging_mixin.py:154} INFO - [2024-07-17T18:44:04.238+0000] {dag.py:3722} INFO - Setting next_dagrun for etl_dag to 2024-07-17T00:00:00+00:00, run_after=2024-07-18T00:00:00+00:00
[2024-07-17T18:44:04.263+0000] {processor.py:179} INFO - Processing /opt/airflow/dags/my_first_dag.py took 0.175 seconds
[2024-07-17T18:44:34.406+0000] {processor.py:157} INFO - Started process (PID=472) to work on /opt/airflow/dags/my_first_dag.py
[2024-07-17T18:44:34.407+0000] {processor.py:829} INFO - Processing file /opt/airflow/dags/my_first_dag.py for tasks to queue
[2024-07-17T18:44:34.411+0000] {logging_mixin.py:154} INFO - [2024-07-17T18:44:34.410+0000] {dagbag.py:536} INFO - Filling up the DagBag from /opt/airflow/dags/my_first_dag.py
[2024-07-17T18:44:34.437+0000] {processor.py:839} INFO - DAG(s) dict_keys(['etl_dag']) retrieved from /opt/airflow/dags/my_first_dag.py
[2024-07-17T18:44:34.513+0000] {logging_mixin.py:154} INFO - [2024-07-17T18:44:34.512+0000] {dag.py:2941} INFO - Sync 1 DAGs
[2024-07-17T18:44:34.552+0000] {logging_mixin.py:154} INFO - [2024-07-17T18:44:34.552+0000] {dag.py:3722} INFO - Setting next_dagrun for etl_dag to 2024-07-17T00:00:00+00:00, run_after=2024-07-18T00:00:00+00:00
[2024-07-17T18:44:34.577+0000] {processor.py:179} INFO - Processing /opt/airflow/dags/my_first_dag.py took 0.178 seconds
[2024-07-17T18:45:04.725+0000] {processor.py:157} INFO - Started process (PID=479) to work on /opt/airflow/dags/my_first_dag.py
[2024-07-17T18:45:04.727+0000] {processor.py:829} INFO - Processing file /opt/airflow/dags/my_first_dag.py for tasks to queue
[2024-07-17T18:45:04.731+0000] {logging_mixin.py:154} INFO - [2024-07-17T18:45:04.731+0000] {dagbag.py:536} INFO - Filling up the DagBag from /opt/airflow/dags/my_first_dag.py
[2024-07-17T18:45:04.759+0000] {processor.py:839} INFO - DAG(s) dict_keys(['etl_dag']) retrieved from /opt/airflow/dags/my_first_dag.py
[2024-07-17T18:45:04.825+0000] {logging_mixin.py:154} INFO - [2024-07-17T18:45:04.825+0000] {dag.py:2941} INFO - Sync 1 DAGs
[2024-07-17T18:45:04.865+0000] {logging_mixin.py:154} INFO - [2024-07-17T18:45:04.865+0000] {dag.py:3722} INFO - Setting next_dagrun for etl_dag to 2024-07-17T00:00:00+00:00, run_after=2024-07-18T00:00:00+00:00
[2024-07-17T18:45:04.900+0000] {processor.py:179} INFO - Processing /opt/airflow/dags/my_first_dag.py took 0.180 seconds
[2024-07-17T18:45:35.051+0000] {processor.py:157} INFO - Started process (PID=487) to work on /opt/airflow/dags/my_first_dag.py
[2024-07-17T18:45:35.052+0000] {processor.py:829} INFO - Processing file /opt/airflow/dags/my_first_dag.py for tasks to queue
[2024-07-17T18:45:35.057+0000] {logging_mixin.py:154} INFO - [2024-07-17T18:45:35.056+0000] {dagbag.py:536} INFO - Filling up the DagBag from /opt/airflow/dags/my_first_dag.py
[2024-07-17T18:45:35.083+0000] {processor.py:839} INFO - DAG(s) dict_keys(['etl_dag']) retrieved from /opt/airflow/dags/my_first_dag.py
[2024-07-17T18:45:35.160+0000] {logging_mixin.py:154} INFO - [2024-07-17T18:45:35.160+0000] {dag.py:2941} INFO - Sync 1 DAGs
[2024-07-17T18:45:35.192+0000] {logging_mixin.py:154} INFO - [2024-07-17T18:45:35.191+0000] {dag.py:3722} INFO - Setting next_dagrun for etl_dag to 2024-07-17T00:00:00+00:00, run_after=2024-07-18T00:00:00+00:00
[2024-07-17T18:45:35.213+0000] {processor.py:179} INFO - Processing /opt/airflow/dags/my_first_dag.py took 0.167 seconds
[2024-07-17T18:46:05.253+0000] {processor.py:157} INFO - Started process (PID=496) to work on /opt/airflow/dags/my_first_dag.py
[2024-07-17T18:46:05.255+0000] {processor.py:829} INFO - Processing file /opt/airflow/dags/my_first_dag.py for tasks to queue
[2024-07-17T18:46:05.260+0000] {logging_mixin.py:154} INFO - [2024-07-17T18:46:05.259+0000] {dagbag.py:536} INFO - Filling up the DagBag from /opt/airflow/dags/my_first_dag.py
[2024-07-17T18:46:05.285+0000] {processor.py:839} INFO - DAG(s) dict_keys(['etl_dag']) retrieved from /opt/airflow/dags/my_first_dag.py
[2024-07-17T18:46:05.355+0000] {logging_mixin.py:154} INFO - [2024-07-17T18:46:05.354+0000] {dag.py:2941} INFO - Sync 1 DAGs
[2024-07-17T18:46:05.398+0000] {logging_mixin.py:154} INFO - [2024-07-17T18:46:05.397+0000] {dag.py:3722} INFO - Setting next_dagrun for etl_dag to 2024-07-17T00:00:00+00:00, run_after=2024-07-18T00:00:00+00:00
[2024-07-17T18:46:05.425+0000] {processor.py:179} INFO - Processing /opt/airflow/dags/my_first_dag.py took 0.177 seconds
[2024-07-17T18:46:35.540+0000] {processor.py:157} INFO - Started process (PID=505) to work on /opt/airflow/dags/my_first_dag.py
[2024-07-17T18:46:35.541+0000] {processor.py:829} INFO - Processing file /opt/airflow/dags/my_first_dag.py for tasks to queue
[2024-07-17T18:46:35.546+0000] {logging_mixin.py:154} INFO - [2024-07-17T18:46:35.546+0000] {dagbag.py:536} INFO - Filling up the DagBag from /opt/airflow/dags/my_first_dag.py
[2024-07-17T18:46:35.573+0000] {processor.py:839} INFO - DAG(s) dict_keys(['etl_dag']) retrieved from /opt/airflow/dags/my_first_dag.py
[2024-07-17T18:46:35.638+0000] {logging_mixin.py:154} INFO - [2024-07-17T18:46:35.637+0000] {dag.py:2941} INFO - Sync 1 DAGs
[2024-07-17T18:46:35.670+0000] {logging_mixin.py:154} INFO - [2024-07-17T18:46:35.670+0000] {dag.py:3722} INFO - Setting next_dagrun for etl_dag to 2024-07-17T00:00:00+00:00, run_after=2024-07-18T00:00:00+00:00
[2024-07-17T18:46:35.709+0000] {processor.py:179} INFO - Processing /opt/airflow/dags/my_first_dag.py took 0.175 seconds
[2024-07-17T18:47:05.858+0000] {processor.py:157} INFO - Started process (PID=514) to work on /opt/airflow/dags/my_first_dag.py
[2024-07-17T18:47:05.860+0000] {processor.py:829} INFO - Processing file /opt/airflow/dags/my_first_dag.py for tasks to queue
[2024-07-17T18:47:05.864+0000] {logging_mixin.py:154} INFO - [2024-07-17T18:47:05.863+0000] {dagbag.py:536} INFO - Filling up the DagBag from /opt/airflow/dags/my_first_dag.py
[2024-07-17T18:47:05.899+0000] {processor.py:839} INFO - DAG(s) dict_keys(['etl_dag']) retrieved from /opt/airflow/dags/my_first_dag.py
[2024-07-17T18:47:05.966+0000] {logging_mixin.py:154} INFO - [2024-07-17T18:47:05.966+0000] {dag.py:2941} INFO - Sync 1 DAGs
[2024-07-17T18:47:05.997+0000] {logging_mixin.py:154} INFO - [2024-07-17T18:47:05.997+0000] {dag.py:3722} INFO - Setting next_dagrun for etl_dag to 2024-07-17T00:00:00+00:00, run_after=2024-07-18T00:00:00+00:00
[2024-07-17T18:47:06.022+0000] {processor.py:179} INFO - Processing /opt/airflow/dags/my_first_dag.py took 0.169 seconds
[2024-07-17T18:47:36.187+0000] {processor.py:157} INFO - Started process (PID=523) to work on /opt/airflow/dags/my_first_dag.py
[2024-07-17T18:47:36.189+0000] {processor.py:829} INFO - Processing file /opt/airflow/dags/my_first_dag.py for tasks to queue
[2024-07-17T18:47:36.193+0000] {logging_mixin.py:154} INFO - [2024-07-17T18:47:36.193+0000] {dagbag.py:536} INFO - Filling up the DagBag from /opt/airflow/dags/my_first_dag.py
[2024-07-17T18:47:36.228+0000] {processor.py:839} INFO - DAG(s) dict_keys(['etl_dag']) retrieved from /opt/airflow/dags/my_first_dag.py
[2024-07-17T18:47:36.319+0000] {logging_mixin.py:154} INFO - [2024-07-17T18:47:36.319+0000] {dag.py:2941} INFO - Sync 1 DAGs
[2024-07-17T18:47:36.363+0000] {logging_mixin.py:154} INFO - [2024-07-17T18:47:36.363+0000] {dag.py:3722} INFO - Setting next_dagrun for etl_dag to 2024-07-17T00:00:00+00:00, run_after=2024-07-18T00:00:00+00:00
[2024-07-17T18:47:36.395+0000] {processor.py:179} INFO - Processing /opt/airflow/dags/my_first_dag.py took 0.214 seconds
[2024-07-17T18:48:06.545+0000] {processor.py:157} INFO - Started process (PID=531) to work on /opt/airflow/dags/my_first_dag.py
[2024-07-17T18:48:06.547+0000] {processor.py:829} INFO - Processing file /opt/airflow/dags/my_first_dag.py for tasks to queue
[2024-07-17T18:48:06.551+0000] {logging_mixin.py:154} INFO - [2024-07-17T18:48:06.550+0000] {dagbag.py:536} INFO - Filling up the DagBag from /opt/airflow/dags/my_first_dag.py
[2024-07-17T18:48:06.578+0000] {processor.py:839} INFO - DAG(s) dict_keys(['etl_dag']) retrieved from /opt/airflow/dags/my_first_dag.py
[2024-07-17T18:48:06.643+0000] {logging_mixin.py:154} INFO - [2024-07-17T18:48:06.643+0000] {dag.py:2941} INFO - Sync 1 DAGs
[2024-07-17T18:48:06.675+0000] {logging_mixin.py:154} INFO - [2024-07-17T18:48:06.674+0000] {dag.py:3722} INFO - Setting next_dagrun for etl_dag to 2024-07-17T00:00:00+00:00, run_after=2024-07-18T00:00:00+00:00
[2024-07-17T18:48:06.703+0000] {processor.py:179} INFO - Processing /opt/airflow/dags/my_first_dag.py took 0.163 seconds
[2024-07-17T18:48:36.854+0000] {processor.py:157} INFO - Started process (PID=540) to work on /opt/airflow/dags/my_first_dag.py
[2024-07-17T18:48:36.856+0000] {processor.py:829} INFO - Processing file /opt/airflow/dags/my_first_dag.py for tasks to queue
[2024-07-17T18:48:36.861+0000] {logging_mixin.py:154} INFO - [2024-07-17T18:48:36.860+0000] {dagbag.py:536} INFO - Filling up the DagBag from /opt/airflow/dags/my_first_dag.py
[2024-07-17T18:48:36.890+0000] {processor.py:839} INFO - DAG(s) dict_keys(['etl_dag']) retrieved from /opt/airflow/dags/my_first_dag.py
[2024-07-17T18:48:36.965+0000] {logging_mixin.py:154} INFO - [2024-07-17T18:48:36.964+0000] {dag.py:2941} INFO - Sync 1 DAGs
[2024-07-17T18:48:37.000+0000] {logging_mixin.py:154} INFO - [2024-07-17T18:48:37.000+0000] {dag.py:3722} INFO - Setting next_dagrun for etl_dag to 2024-07-17T00:00:00+00:00, run_after=2024-07-18T00:00:00+00:00
[2024-07-17T18:48:37.030+0000] {processor.py:179} INFO - Processing /opt/airflow/dags/my_first_dag.py took 0.182 seconds
[2024-07-17T18:49:07.179+0000] {processor.py:157} INFO - Started process (PID=549) to work on /opt/airflow/dags/my_first_dag.py
[2024-07-17T18:49:07.181+0000] {processor.py:829} INFO - Processing file /opt/airflow/dags/my_first_dag.py for tasks to queue
[2024-07-17T18:49:07.186+0000] {logging_mixin.py:154} INFO - [2024-07-17T18:49:07.185+0000] {dagbag.py:536} INFO - Filling up the DagBag from /opt/airflow/dags/my_first_dag.py
[2024-07-17T18:49:07.254+0000] {processor.py:839} INFO - DAG(s) dict_keys(['etl_dag']) retrieved from /opt/airflow/dags/my_first_dag.py
[2024-07-17T18:49:07.344+0000] {logging_mixin.py:154} INFO - [2024-07-17T18:49:07.343+0000] {dag.py:2941} INFO - Sync 1 DAGs
[2024-07-17T18:49:07.390+0000] {logging_mixin.py:154} INFO - [2024-07-17T18:49:07.390+0000] {dag.py:3722} INFO - Setting next_dagrun for etl_dag to 2024-07-17T00:00:00+00:00, run_after=2024-07-18T00:00:00+00:00
[2024-07-17T18:49:07.423+0000] {processor.py:179} INFO - Processing /opt/airflow/dags/my_first_dag.py took 0.251 seconds
[2024-07-17T18:49:37.576+0000] {processor.py:157} INFO - Started process (PID=557) to work on /opt/airflow/dags/my_first_dag.py
[2024-07-17T18:49:37.578+0000] {processor.py:829} INFO - Processing file /opt/airflow/dags/my_first_dag.py for tasks to queue
[2024-07-17T18:49:37.583+0000] {logging_mixin.py:154} INFO - [2024-07-17T18:49:37.583+0000] {dagbag.py:536} INFO - Filling up the DagBag from /opt/airflow/dags/my_first_dag.py
[2024-07-17T18:49:37.612+0000] {processor.py:839} INFO - DAG(s) dict_keys(['etl_dag']) retrieved from /opt/airflow/dags/my_first_dag.py
[2024-07-17T18:49:37.677+0000] {logging_mixin.py:154} INFO - [2024-07-17T18:49:37.677+0000] {dag.py:2941} INFO - Sync 1 DAGs
[2024-07-17T18:49:37.722+0000] {logging_mixin.py:154} INFO - [2024-07-17T18:49:37.722+0000] {dag.py:3722} INFO - Setting next_dagrun for etl_dag to 2024-07-17T00:00:00+00:00, run_after=2024-07-18T00:00:00+00:00
[2024-07-17T18:49:37.749+0000] {processor.py:179} INFO - Processing /opt/airflow/dags/my_first_dag.py took 0.179 seconds
[2024-07-17T18:49:58.685+0000] {processor.py:157} INFO - Started process (PID=566) to work on /opt/airflow/dags/my_first_dag.py
[2024-07-17T18:49:58.688+0000] {processor.py:829} INFO - Processing file /opt/airflow/dags/my_first_dag.py for tasks to queue
[2024-07-17T18:49:58.694+0000] {logging_mixin.py:154} INFO - [2024-07-17T18:49:58.693+0000] {dagbag.py:536} INFO - Filling up the DagBag from /opt/airflow/dags/my_first_dag.py
[2024-07-17T18:49:58.735+0000] {processor.py:839} INFO - DAG(s) dict_keys(['etl_dag']) retrieved from /opt/airflow/dags/my_first_dag.py
[2024-07-17T18:49:58.946+0000] {logging_mixin.py:154} INFO - [2024-07-17T18:49:58.946+0000] {dag.py:2941} INFO - Sync 1 DAGs
[2024-07-17T18:49:58.977+0000] {logging_mixin.py:154} INFO - [2024-07-17T18:49:58.976+0000] {dag.py:3722} INFO - Setting next_dagrun for etl_dag to 2024-07-17T00:00:00+00:00, run_after=2024-07-18T00:00:00+00:00
[2024-07-17T18:49:59.007+0000] {processor.py:179} INFO - Processing /opt/airflow/dags/my_first_dag.py took 0.331 seconds
[2024-07-17T18:50:29.159+0000] {processor.py:157} INFO - Started process (PID=573) to work on /opt/airflow/dags/my_first_dag.py
[2024-07-17T18:50:29.161+0000] {processor.py:829} INFO - Processing file /opt/airflow/dags/my_first_dag.py for tasks to queue
[2024-07-17T18:50:29.165+0000] {logging_mixin.py:154} INFO - [2024-07-17T18:50:29.165+0000] {dagbag.py:536} INFO - Filling up the DagBag from /opt/airflow/dags/my_first_dag.py
[2024-07-17T18:50:29.198+0000] {processor.py:839} INFO - DAG(s) dict_keys(['etl_dag']) retrieved from /opt/airflow/dags/my_first_dag.py
[2024-07-17T18:50:29.293+0000] {logging_mixin.py:154} INFO - [2024-07-17T18:50:29.292+0000] {dag.py:2941} INFO - Sync 1 DAGs
[2024-07-17T18:50:29.324+0000] {logging_mixin.py:154} INFO - [2024-07-17T18:50:29.324+0000] {dag.py:3722} INFO - Setting next_dagrun for etl_dag to 2024-07-17T00:00:00+00:00, run_after=2024-07-18T00:00:00+00:00
[2024-07-17T18:50:29.351+0000] {processor.py:179} INFO - Processing /opt/airflow/dags/my_first_dag.py took 0.197 seconds
[2024-07-17T18:50:59.500+0000] {processor.py:157} INFO - Started process (PID=582) to work on /opt/airflow/dags/my_first_dag.py
[2024-07-17T18:50:59.501+0000] {processor.py:829} INFO - Processing file /opt/airflow/dags/my_first_dag.py for tasks to queue
[2024-07-17T18:50:59.505+0000] {logging_mixin.py:154} INFO - [2024-07-17T18:50:59.505+0000] {dagbag.py:536} INFO - Filling up the DagBag from /opt/airflow/dags/my_first_dag.py
[2024-07-17T18:50:59.541+0000] {processor.py:839} INFO - DAG(s) dict_keys(['etl_dag']) retrieved from /opt/airflow/dags/my_first_dag.py
[2024-07-17T18:50:59.635+0000] {logging_mixin.py:154} INFO - [2024-07-17T18:50:59.634+0000] {dag.py:2941} INFO - Sync 1 DAGs
[2024-07-17T18:50:59.667+0000] {logging_mixin.py:154} INFO - [2024-07-17T18:50:59.666+0000] {dag.py:3722} INFO - Setting next_dagrun for etl_dag to 2024-07-17T00:00:00+00:00, run_after=2024-07-18T00:00:00+00:00
[2024-07-17T18:50:59.691+0000] {processor.py:179} INFO - Processing /opt/airflow/dags/my_first_dag.py took 0.198 seconds
[2024-07-17T18:51:29.837+0000] {processor.py:157} INFO - Started process (PID=590) to work on /opt/airflow/dags/my_first_dag.py
[2024-07-17T18:51:29.838+0000] {processor.py:829} INFO - Processing file /opt/airflow/dags/my_first_dag.py for tasks to queue
[2024-07-17T18:51:29.843+0000] {logging_mixin.py:154} INFO - [2024-07-17T18:51:29.842+0000] {dagbag.py:536} INFO - Filling up the DagBag from /opt/airflow/dags/my_first_dag.py
[2024-07-17T18:51:29.874+0000] {processor.py:839} INFO - DAG(s) dict_keys(['etl_dag']) retrieved from /opt/airflow/dags/my_first_dag.py
[2024-07-17T18:51:29.973+0000] {logging_mixin.py:154} INFO - [2024-07-17T18:51:29.973+0000] {dag.py:2941} INFO - Sync 1 DAGs
[2024-07-17T18:51:30.008+0000] {logging_mixin.py:154} INFO - [2024-07-17T18:51:30.008+0000] {dag.py:3722} INFO - Setting next_dagrun for etl_dag to 2024-07-17T00:00:00+00:00, run_after=2024-07-18T00:00:00+00:00
[2024-07-17T18:51:30.036+0000] {processor.py:179} INFO - Processing /opt/airflow/dags/my_first_dag.py took 0.203 seconds
[2024-07-17T18:52:00.185+0000] {processor.py:157} INFO - Started process (PID=599) to work on /opt/airflow/dags/my_first_dag.py
[2024-07-17T18:52:00.187+0000] {processor.py:829} INFO - Processing file /opt/airflow/dags/my_first_dag.py for tasks to queue
[2024-07-17T18:52:00.192+0000] {logging_mixin.py:154} INFO - [2024-07-17T18:52:00.192+0000] {dagbag.py:536} INFO - Filling up the DagBag from /opt/airflow/dags/my_first_dag.py
[2024-07-17T18:52:00.236+0000] {processor.py:839} INFO - DAG(s) dict_keys(['etl_dag']) retrieved from /opt/airflow/dags/my_first_dag.py
[2024-07-17T18:52:00.385+0000] {logging_mixin.py:154} INFO - [2024-07-17T18:52:00.384+0000] {dag.py:2941} INFO - Sync 1 DAGs
[2024-07-17T18:52:00.433+0000] {logging_mixin.py:154} INFO - [2024-07-17T18:52:00.432+0000] {dag.py:3722} INFO - Setting next_dagrun for etl_dag to 2024-07-17T00:00:00+00:00, run_after=2024-07-18T00:00:00+00:00
[2024-07-17T18:52:00.466+0000] {processor.py:179} INFO - Processing /opt/airflow/dags/my_first_dag.py took 0.288 seconds
[2024-07-17T18:52:30.618+0000] {processor.py:157} INFO - Started process (PID=607) to work on /opt/airflow/dags/my_first_dag.py
[2024-07-17T18:52:30.620+0000] {processor.py:829} INFO - Processing file /opt/airflow/dags/my_first_dag.py for tasks to queue
[2024-07-17T18:52:30.623+0000] {logging_mixin.py:154} INFO - [2024-07-17T18:52:30.623+0000] {dagbag.py:536} INFO - Filling up the DagBag from /opt/airflow/dags/my_first_dag.py
[2024-07-17T18:52:30.655+0000] {processor.py:839} INFO - DAG(s) dict_keys(['etl_dag']) retrieved from /opt/airflow/dags/my_first_dag.py
[2024-07-17T18:52:30.749+0000] {logging_mixin.py:154} INFO - [2024-07-17T18:52:30.748+0000] {dag.py:2941} INFO - Sync 1 DAGs
[2024-07-17T18:52:30.781+0000] {logging_mixin.py:154} INFO - [2024-07-17T18:52:30.781+0000] {dag.py:3722} INFO - Setting next_dagrun for etl_dag to 2024-07-17T00:00:00+00:00, run_after=2024-07-18T00:00:00+00:00
[2024-07-17T18:52:30.808+0000] {processor.py:179} INFO - Processing /opt/airflow/dags/my_first_dag.py took 0.195 seconds
[2024-07-17T18:53:00.958+0000] {processor.py:157} INFO - Started process (PID=615) to work on /opt/airflow/dags/my_first_dag.py
[2024-07-17T18:53:00.960+0000] {processor.py:829} INFO - Processing file /opt/airflow/dags/my_first_dag.py for tasks to queue
[2024-07-17T18:53:00.964+0000] {logging_mixin.py:154} INFO - [2024-07-17T18:53:00.964+0000] {dagbag.py:536} INFO - Filling up the DagBag from /opt/airflow/dags/my_first_dag.py
[2024-07-17T18:53:01.008+0000] {processor.py:839} INFO - DAG(s) dict_keys(['etl_dag']) retrieved from /opt/airflow/dags/my_first_dag.py
[2024-07-17T18:53:01.139+0000] {logging_mixin.py:154} INFO - [2024-07-17T18:53:01.138+0000] {dag.py:2941} INFO - Sync 1 DAGs
[2024-07-17T18:53:01.183+0000] {logging_mixin.py:154} INFO - [2024-07-17T18:53:01.183+0000] {dag.py:3722} INFO - Setting next_dagrun for etl_dag to 2024-07-17T00:00:00+00:00, run_after=2024-07-18T00:00:00+00:00
[2024-07-17T18:53:01.213+0000] {processor.py:179} INFO - Processing /opt/airflow/dags/my_first_dag.py took 0.261 seconds
[2024-07-17T18:53:31.365+0000] {processor.py:157} INFO - Started process (PID=624) to work on /opt/airflow/dags/my_first_dag.py
[2024-07-17T18:53:31.366+0000] {processor.py:829} INFO - Processing file /opt/airflow/dags/my_first_dag.py for tasks to queue
[2024-07-17T18:53:31.371+0000] {logging_mixin.py:154} INFO - [2024-07-17T18:53:31.371+0000] {dagbag.py:536} INFO - Filling up the DagBag from /opt/airflow/dags/my_first_dag.py
[2024-07-17T18:53:31.403+0000] {processor.py:839} INFO - DAG(s) dict_keys(['etl_dag']) retrieved from /opt/airflow/dags/my_first_dag.py
[2024-07-17T18:53:31.500+0000] {logging_mixin.py:154} INFO - [2024-07-17T18:53:31.500+0000] {dag.py:2941} INFO - Sync 1 DAGs
[2024-07-17T18:53:31.531+0000] {logging_mixin.py:154} INFO - [2024-07-17T18:53:31.531+0000] {dag.py:3722} INFO - Setting next_dagrun for etl_dag to 2024-07-17T00:00:00+00:00, run_after=2024-07-18T00:00:00+00:00
[2024-07-17T18:53:31.556+0000] {processor.py:179} INFO - Processing /opt/airflow/dags/my_first_dag.py took 0.196 seconds
[2024-07-17T18:54:01.711+0000] {processor.py:157} INFO - Started process (PID=633) to work on /opt/airflow/dags/my_first_dag.py
[2024-07-17T18:54:01.712+0000] {processor.py:829} INFO - Processing file /opt/airflow/dags/my_first_dag.py for tasks to queue
[2024-07-17T18:54:01.716+0000] {logging_mixin.py:154} INFO - [2024-07-17T18:54:01.716+0000] {dagbag.py:536} INFO - Filling up the DagBag from /opt/airflow/dags/my_first_dag.py
[2024-07-17T18:54:01.764+0000] {processor.py:839} INFO - DAG(s) dict_keys(['etl_dag']) retrieved from /opt/airflow/dags/my_first_dag.py
[2024-07-17T18:54:01.859+0000] {logging_mixin.py:154} INFO - [2024-07-17T18:54:01.858+0000] {dag.py:2941} INFO - Sync 1 DAGs
[2024-07-17T18:54:01.891+0000] {logging_mixin.py:154} INFO - [2024-07-17T18:54:01.891+0000] {dag.py:3722} INFO - Setting next_dagrun for etl_dag to 2024-07-17T00:00:00+00:00, run_after=2024-07-18T00:00:00+00:00
[2024-07-17T18:54:01.917+0000] {processor.py:179} INFO - Processing /opt/airflow/dags/my_first_dag.py took 0.212 seconds
[2024-07-17T18:54:32.124+0000] {processor.py:157} INFO - Started process (PID=642) to work on /opt/airflow/dags/my_first_dag.py
[2024-07-17T18:54:32.126+0000] {processor.py:829} INFO - Processing file /opt/airflow/dags/my_first_dag.py for tasks to queue
[2024-07-17T18:54:32.129+0000] {logging_mixin.py:154} INFO - [2024-07-17T18:54:32.129+0000] {dagbag.py:536} INFO - Filling up the DagBag from /opt/airflow/dags/my_first_dag.py
[2024-07-17T18:54:32.168+0000] {processor.py:839} INFO - DAG(s) dict_keys(['etl_dag']) retrieved from /opt/airflow/dags/my_first_dag.py
[2024-07-17T18:54:32.265+0000] {logging_mixin.py:154} INFO - [2024-07-17T18:54:32.265+0000] {dag.py:2941} INFO - Sync 1 DAGs
[2024-07-17T18:54:32.296+0000] {logging_mixin.py:154} INFO - [2024-07-17T18:54:32.296+0000] {dag.py:3722} INFO - Setting next_dagrun for etl_dag to 2024-07-17T00:00:00+00:00, run_after=2024-07-18T00:00:00+00:00
[2024-07-17T18:54:32.321+0000] {processor.py:179} INFO - Processing /opt/airflow/dags/my_first_dag.py took 0.208 seconds
[2024-07-17T18:55:02.473+0000] {processor.py:157} INFO - Started process (PID=650) to work on /opt/airflow/dags/my_first_dag.py
[2024-07-17T18:55:02.475+0000] {processor.py:829} INFO - Processing file /opt/airflow/dags/my_first_dag.py for tasks to queue
[2024-07-17T18:55:02.480+0000] {logging_mixin.py:154} INFO - [2024-07-17T18:55:02.480+0000] {dagbag.py:536} INFO - Filling up the DagBag from /opt/airflow/dags/my_first_dag.py
[2024-07-17T18:55:02.518+0000] {processor.py:839} INFO - DAG(s) dict_keys(['etl_dag']) retrieved from /opt/airflow/dags/my_first_dag.py
[2024-07-17T18:55:02.614+0000] {logging_mixin.py:154} INFO - [2024-07-17T18:55:02.614+0000] {dag.py:2941} INFO - Sync 1 DAGs
[2024-07-17T18:55:02.647+0000] {logging_mixin.py:154} INFO - [2024-07-17T18:55:02.647+0000] {dag.py:3722} INFO - Setting next_dagrun for etl_dag to 2024-07-17T00:00:00+00:00, run_after=2024-07-18T00:00:00+00:00
[2024-07-17T18:55:02.672+0000] {processor.py:179} INFO - Processing /opt/airflow/dags/my_first_dag.py took 0.205 seconds
[2024-07-17T18:55:32.817+0000] {processor.py:157} INFO - Started process (PID=658) to work on /opt/airflow/dags/my_first_dag.py
[2024-07-17T18:55:32.819+0000] {processor.py:829} INFO - Processing file /opt/airflow/dags/my_first_dag.py for tasks to queue
[2024-07-17T18:55:32.823+0000] {logging_mixin.py:154} INFO - [2024-07-17T18:55:32.823+0000] {dagbag.py:536} INFO - Filling up the DagBag from /opt/airflow/dags/my_first_dag.py
[2024-07-17T18:55:32.859+0000] {processor.py:839} INFO - DAG(s) dict_keys(['etl_dag']) retrieved from /opt/airflow/dags/my_first_dag.py
[2024-07-17T18:55:32.950+0000] {logging_mixin.py:154} INFO - [2024-07-17T18:55:32.949+0000] {dag.py:2941} INFO - Sync 1 DAGs
[2024-07-17T18:55:32.982+0000] {logging_mixin.py:154} INFO - [2024-07-17T18:55:32.981+0000] {dag.py:3722} INFO - Setting next_dagrun for etl_dag to 2024-07-17T00:00:00+00:00, run_after=2024-07-18T00:00:00+00:00
[2024-07-17T18:55:33.009+0000] {processor.py:179} INFO - Processing /opt/airflow/dags/my_first_dag.py took 0.197 seconds
[2024-07-17T18:56:03.161+0000] {processor.py:157} INFO - Started process (PID=666) to work on /opt/airflow/dags/my_first_dag.py
[2024-07-17T18:56:03.162+0000] {processor.py:829} INFO - Processing file /opt/airflow/dags/my_first_dag.py for tasks to queue
[2024-07-17T18:56:03.166+0000] {logging_mixin.py:154} INFO - [2024-07-17T18:56:03.165+0000] {dagbag.py:536} INFO - Filling up the DagBag from /opt/airflow/dags/my_first_dag.py
[2024-07-17T18:56:03.204+0000] {processor.py:839} INFO - DAG(s) dict_keys(['etl_dag']) retrieved from /opt/airflow/dags/my_first_dag.py
[2024-07-17T18:56:03.298+0000] {logging_mixin.py:154} INFO - [2024-07-17T18:56:03.297+0000] {dag.py:2941} INFO - Sync 1 DAGs
[2024-07-17T18:56:03.331+0000] {logging_mixin.py:154} INFO - [2024-07-17T18:56:03.331+0000] {dag.py:3722} INFO - Setting next_dagrun for etl_dag to 2024-07-17T00:00:00+00:00, run_after=2024-07-18T00:00:00+00:00
[2024-07-17T18:56:03.360+0000] {processor.py:179} INFO - Processing /opt/airflow/dags/my_first_dag.py took 0.204 seconds
[2024-07-17T18:56:33.500+0000] {processor.py:157} INFO - Started process (PID=674) to work on /opt/airflow/dags/my_first_dag.py
[2024-07-17T18:56:33.502+0000] {processor.py:829} INFO - Processing file /opt/airflow/dags/my_first_dag.py for tasks to queue
[2024-07-17T18:56:33.505+0000] {logging_mixin.py:154} INFO - [2024-07-17T18:56:33.505+0000] {dagbag.py:536} INFO - Filling up the DagBag from /opt/airflow/dags/my_first_dag.py
[2024-07-17T18:56:33.543+0000] {processor.py:839} INFO - DAG(s) dict_keys(['etl_dag']) retrieved from /opt/airflow/dags/my_first_dag.py
[2024-07-17T18:56:33.637+0000] {logging_mixin.py:154} INFO - [2024-07-17T18:56:33.637+0000] {dag.py:2941} INFO - Sync 1 DAGs
[2024-07-17T18:56:33.675+0000] {logging_mixin.py:154} INFO - [2024-07-17T18:56:33.675+0000] {dag.py:3722} INFO - Setting next_dagrun for etl_dag to 2024-07-17T00:00:00+00:00, run_after=2024-07-18T00:00:00+00:00
[2024-07-17T18:56:33.706+0000] {processor.py:179} INFO - Processing /opt/airflow/dags/my_first_dag.py took 0.211 seconds
[2024-07-17T18:57:03.860+0000] {processor.py:157} INFO - Started process (PID=682) to work on /opt/airflow/dags/my_first_dag.py
[2024-07-17T18:57:03.862+0000] {processor.py:829} INFO - Processing file /opt/airflow/dags/my_first_dag.py for tasks to queue
[2024-07-17T18:57:03.866+0000] {logging_mixin.py:154} INFO - [2024-07-17T18:57:03.865+0000] {dagbag.py:536} INFO - Filling up the DagBag from /opt/airflow/dags/my_first_dag.py
[2024-07-17T18:57:03.906+0000] {processor.py:839} INFO - DAG(s) dict_keys(['etl_dag']) retrieved from /opt/airflow/dags/my_first_dag.py
[2024-07-17T18:57:04.007+0000] {logging_mixin.py:154} INFO - [2024-07-17T18:57:04.007+0000] {dag.py:2941} INFO - Sync 1 DAGs
[2024-07-17T18:57:04.038+0000] {logging_mixin.py:154} INFO - [2024-07-17T18:57:04.038+0000] {dag.py:3722} INFO - Setting next_dagrun for etl_dag to 2024-07-17T00:00:00+00:00, run_after=2024-07-18T00:00:00+00:00
[2024-07-17T18:57:04.064+0000] {processor.py:179} INFO - Processing /opt/airflow/dags/my_first_dag.py took 0.210 seconds
[2024-07-17T18:57:34.220+0000] {processor.py:157} INFO - Started process (PID=690) to work on /opt/airflow/dags/my_first_dag.py
[2024-07-17T18:57:34.221+0000] {processor.py:829} INFO - Processing file /opt/airflow/dags/my_first_dag.py for tasks to queue
[2024-07-17T18:57:34.225+0000] {logging_mixin.py:154} INFO - [2024-07-17T18:57:34.225+0000] {dagbag.py:536} INFO - Filling up the DagBag from /opt/airflow/dags/my_first_dag.py
[2024-07-17T18:57:34.276+0000] {processor.py:839} INFO - DAG(s) dict_keys(['etl_dag']) retrieved from /opt/airflow/dags/my_first_dag.py
[2024-07-17T18:57:34.367+0000] {logging_mixin.py:154} INFO - [2024-07-17T18:57:34.367+0000] {dag.py:2941} INFO - Sync 1 DAGs
[2024-07-17T18:57:34.399+0000] {logging_mixin.py:154} INFO - [2024-07-17T18:57:34.399+0000] {dag.py:3722} INFO - Setting next_dagrun for etl_dag to 2024-07-17T00:00:00+00:00, run_after=2024-07-18T00:00:00+00:00
[2024-07-17T18:57:34.422+0000] {processor.py:179} INFO - Processing /opt/airflow/dags/my_first_dag.py took 0.209 seconds
[2024-07-17T18:58:04.608+0000] {processor.py:157} INFO - Started process (PID=698) to work on /opt/airflow/dags/my_first_dag.py
[2024-07-17T18:58:04.612+0000] {processor.py:829} INFO - Processing file /opt/airflow/dags/my_first_dag.py for tasks to queue
[2024-07-17T18:58:04.631+0000] {logging_mixin.py:154} INFO - [2024-07-17T18:58:04.630+0000] {dagbag.py:536} INFO - Filling up the DagBag from /opt/airflow/dags/my_first_dag.py
[2024-07-17T18:58:04.721+0000] {processor.py:839} INFO - DAG(s) dict_keys(['etl_dag']) retrieved from /opt/airflow/dags/my_first_dag.py
[2024-07-17T18:58:04.898+0000] {logging_mixin.py:154} INFO - [2024-07-17T18:58:04.898+0000] {dag.py:2941} INFO - Sync 1 DAGs
[2024-07-17T18:58:04.947+0000] {logging_mixin.py:154} INFO - [2024-07-17T18:58:04.946+0000] {dag.py:3722} INFO - Setting next_dagrun for etl_dag to 2024-07-17T00:00:00+00:00, run_after=2024-07-18T00:00:00+00:00
[2024-07-17T18:58:04.987+0000] {processor.py:179} INFO - Processing /opt/airflow/dags/my_first_dag.py took 0.400 seconds
[2024-07-17T18:58:35.176+0000] {processor.py:157} INFO - Started process (PID=706) to work on /opt/airflow/dags/my_first_dag.py
[2024-07-17T18:58:35.187+0000] {processor.py:829} INFO - Processing file /opt/airflow/dags/my_first_dag.py for tasks to queue
[2024-07-17T18:58:35.192+0000] {logging_mixin.py:154} INFO - [2024-07-17T18:58:35.191+0000] {dagbag.py:536} INFO - Filling up the DagBag from /opt/airflow/dags/my_first_dag.py
[2024-07-17T18:58:35.259+0000] {processor.py:839} INFO - DAG(s) dict_keys(['etl_dag']) retrieved from /opt/airflow/dags/my_first_dag.py
[2024-07-17T18:58:35.391+0000] {logging_mixin.py:154} INFO - [2024-07-17T18:58:35.390+0000] {dag.py:2941} INFO - Sync 1 DAGs
[2024-07-17T18:58:35.440+0000] {logging_mixin.py:154} INFO - [2024-07-17T18:58:35.439+0000] {dag.py:3722} INFO - Setting next_dagrun for etl_dag to 2024-07-17T00:00:00+00:00, run_after=2024-07-18T00:00:00+00:00
[2024-07-17T18:58:35.472+0000] {processor.py:179} INFO - Processing /opt/airflow/dags/my_first_dag.py took 0.310 seconds
[2024-07-17T18:59:05.633+0000] {processor.py:157} INFO - Started process (PID=715) to work on /opt/airflow/dags/my_first_dag.py
[2024-07-17T18:59:05.635+0000] {processor.py:829} INFO - Processing file /opt/airflow/dags/my_first_dag.py for tasks to queue
[2024-07-17T18:59:05.638+0000] {logging_mixin.py:154} INFO - [2024-07-17T18:59:05.638+0000] {dagbag.py:536} INFO - Filling up the DagBag from /opt/airflow/dags/my_first_dag.py
[2024-07-17T18:59:05.671+0000] {processor.py:839} INFO - DAG(s) dict_keys(['etl_dag']) retrieved from /opt/airflow/dags/my_first_dag.py
[2024-07-17T18:59:05.763+0000] {logging_mixin.py:154} INFO - [2024-07-17T18:59:05.762+0000] {dag.py:2941} INFO - Sync 1 DAGs
[2024-07-17T18:59:05.794+0000] {logging_mixin.py:154} INFO - [2024-07-17T18:59:05.794+0000] {dag.py:3722} INFO - Setting next_dagrun for etl_dag to 2024-07-17T00:00:00+00:00, run_after=2024-07-18T00:00:00+00:00
[2024-07-17T18:59:05.822+0000] {processor.py:179} INFO - Processing /opt/airflow/dags/my_first_dag.py took 0.194 seconds
[2024-07-17T18:59:35.997+0000] {processor.py:157} INFO - Started process (PID=724) to work on /opt/airflow/dags/my_first_dag.py
[2024-07-17T18:59:35.999+0000] {processor.py:829} INFO - Processing file /opt/airflow/dags/my_first_dag.py for tasks to queue
[2024-07-17T18:59:36.002+0000] {logging_mixin.py:154} INFO - [2024-07-17T18:59:36.002+0000] {dagbag.py:536} INFO - Filling up the DagBag from /opt/airflow/dags/my_first_dag.py
[2024-07-17T18:59:36.035+0000] {processor.py:839} INFO - DAG(s) dict_keys(['etl_dag']) retrieved from /opt/airflow/dags/my_first_dag.py
[2024-07-17T18:59:36.123+0000] {logging_mixin.py:154} INFO - [2024-07-17T18:59:36.123+0000] {dag.py:2941} INFO - Sync 1 DAGs
[2024-07-17T18:59:36.155+0000] {logging_mixin.py:154} INFO - [2024-07-17T18:59:36.155+0000] {dag.py:3722} INFO - Setting next_dagrun for etl_dag to 2024-07-17T00:00:00+00:00, run_after=2024-07-18T00:00:00+00:00
[2024-07-17T18:59:36.185+0000] {processor.py:179} INFO - Processing /opt/airflow/dags/my_first_dag.py took 0.194 seconds
[2024-07-17T19:00:06.348+0000] {processor.py:157} INFO - Started process (PID=732) to work on /opt/airflow/dags/my_first_dag.py
[2024-07-17T19:00:06.350+0000] {processor.py:829} INFO - Processing file /opt/airflow/dags/my_first_dag.py for tasks to queue
[2024-07-17T19:00:06.354+0000] {logging_mixin.py:154} INFO - [2024-07-17T19:00:06.353+0000] {dagbag.py:536} INFO - Filling up the DagBag from /opt/airflow/dags/my_first_dag.py
[2024-07-17T19:00:06.387+0000] {processor.py:839} INFO - DAG(s) dict_keys(['etl_dag']) retrieved from /opt/airflow/dags/my_first_dag.py
[2024-07-17T19:00:06.509+0000] {logging_mixin.py:154} INFO - [2024-07-17T19:00:06.509+0000] {dag.py:2941} INFO - Sync 1 DAGs
[2024-07-17T19:00:06.559+0000] {logging_mixin.py:154} INFO - [2024-07-17T19:00:06.559+0000] {dag.py:3722} INFO - Setting next_dagrun for etl_dag to 2024-07-17T00:00:00+00:00, run_after=2024-07-18T00:00:00+00:00
[2024-07-17T19:00:06.595+0000] {processor.py:179} INFO - Processing /opt/airflow/dags/my_first_dag.py took 0.252 seconds
[2024-07-17T19:00:36.764+0000] {processor.py:157} INFO - Started process (PID=739) to work on /opt/airflow/dags/my_first_dag.py
[2024-07-17T19:00:36.766+0000] {processor.py:829} INFO - Processing file /opt/airflow/dags/my_first_dag.py for tasks to queue
[2024-07-17T19:00:36.770+0000] {logging_mixin.py:154} INFO - [2024-07-17T19:00:36.769+0000] {dagbag.py:536} INFO - Filling up the DagBag from /opt/airflow/dags/my_first_dag.py
[2024-07-17T19:00:36.803+0000] {processor.py:839} INFO - DAG(s) dict_keys(['etl_dag']) retrieved from /opt/airflow/dags/my_first_dag.py
[2024-07-17T19:00:36.919+0000] {logging_mixin.py:154} INFO - [2024-07-17T19:00:36.918+0000] {dag.py:2941} INFO - Sync 1 DAGs
[2024-07-17T19:00:36.967+0000] {logging_mixin.py:154} INFO - [2024-07-17T19:00:36.967+0000] {dag.py:3722} INFO - Setting next_dagrun for etl_dag to 2024-07-17T00:00:00+00:00, run_after=2024-07-18T00:00:00+00:00
[2024-07-17T19:00:37.006+0000] {processor.py:179} INFO - Processing /opt/airflow/dags/my_first_dag.py took 0.247 seconds
[2024-07-17T19:01:07.166+0000] {processor.py:157} INFO - Started process (PID=747) to work on /opt/airflow/dags/my_first_dag.py
[2024-07-17T19:01:07.168+0000] {processor.py:829} INFO - Processing file /opt/airflow/dags/my_first_dag.py for tasks to queue
[2024-07-17T19:01:07.172+0000] {logging_mixin.py:154} INFO - [2024-07-17T19:01:07.171+0000] {dagbag.py:536} INFO - Filling up the DagBag from /opt/airflow/dags/my_first_dag.py
[2024-07-17T19:01:07.207+0000] {processor.py:839} INFO - DAG(s) dict_keys(['etl_dag']) retrieved from /opt/airflow/dags/my_first_dag.py
[2024-07-17T19:01:07.300+0000] {logging_mixin.py:154} INFO - [2024-07-17T19:01:07.299+0000] {dag.py:2941} INFO - Sync 1 DAGs
[2024-07-17T19:01:07.335+0000] {logging_mixin.py:154} INFO - [2024-07-17T19:01:07.335+0000] {dag.py:3722} INFO - Setting next_dagrun for etl_dag to 2024-07-17T00:00:00+00:00, run_after=2024-07-18T00:00:00+00:00
[2024-07-17T19:01:07.363+0000] {processor.py:179} INFO - Processing /opt/airflow/dags/my_first_dag.py took 0.202 seconds
[2024-07-17T19:01:37.586+0000] {processor.py:157} INFO - Started process (PID=756) to work on /opt/airflow/dags/my_first_dag.py
[2024-07-17T19:01:37.588+0000] {processor.py:829} INFO - Processing file /opt/airflow/dags/my_first_dag.py for tasks to queue
[2024-07-17T19:01:37.592+0000] {logging_mixin.py:154} INFO - [2024-07-17T19:01:37.591+0000] {dagbag.py:536} INFO - Filling up the DagBag from /opt/airflow/dags/my_first_dag.py
[2024-07-17T19:01:37.628+0000] {processor.py:839} INFO - DAG(s) dict_keys(['etl_dag']) retrieved from /opt/airflow/dags/my_first_dag.py
[2024-07-17T19:01:37.716+0000] {logging_mixin.py:154} INFO - [2024-07-17T19:01:37.715+0000] {dag.py:2941} INFO - Sync 1 DAGs
[2024-07-17T19:01:37.748+0000] {logging_mixin.py:154} INFO - [2024-07-17T19:01:37.748+0000] {dag.py:3722} INFO - Setting next_dagrun for etl_dag to 2024-07-17T00:00:00+00:00, run_after=2024-07-18T00:00:00+00:00
[2024-07-17T19:01:37.773+0000] {processor.py:179} INFO - Processing /opt/airflow/dags/my_first_dag.py took 0.191 seconds
[2024-07-17T19:02:07.932+0000] {processor.py:157} INFO - Started process (PID=765) to work on /opt/airflow/dags/my_first_dag.py
[2024-07-17T19:02:07.933+0000] {processor.py:829} INFO - Processing file /opt/airflow/dags/my_first_dag.py for tasks to queue
[2024-07-17T19:02:07.937+0000] {logging_mixin.py:154} INFO - [2024-07-17T19:02:07.937+0000] {dagbag.py:536} INFO - Filling up the DagBag from /opt/airflow/dags/my_first_dag.py
[2024-07-17T19:02:07.974+0000] {processor.py:839} INFO - DAG(s) dict_keys(['etl_dag']) retrieved from /opt/airflow/dags/my_first_dag.py
[2024-07-17T19:02:08.063+0000] {logging_mixin.py:154} INFO - [2024-07-17T19:02:08.062+0000] {dag.py:2941} INFO - Sync 1 DAGs
[2024-07-17T19:02:08.094+0000] {logging_mixin.py:154} INFO - [2024-07-17T19:02:08.093+0000] {dag.py:3722} INFO - Setting next_dagrun for etl_dag to 2024-07-17T00:00:00+00:00, run_after=2024-07-18T00:00:00+00:00
[2024-07-17T19:02:08.119+0000] {processor.py:179} INFO - Processing /opt/airflow/dags/my_first_dag.py took 0.193 seconds
[2024-07-17T19:02:38.305+0000] {processor.py:157} INFO - Started process (PID=773) to work on /opt/airflow/dags/my_first_dag.py
[2024-07-17T19:02:38.307+0000] {processor.py:829} INFO - Processing file /opt/airflow/dags/my_first_dag.py for tasks to queue
[2024-07-17T19:02:38.319+0000] {logging_mixin.py:154} INFO - [2024-07-17T19:02:38.319+0000] {dagbag.py:536} INFO - Filling up the DagBag from /opt/airflow/dags/my_first_dag.py
[2024-07-17T19:02:38.415+0000] {processor.py:839} INFO - DAG(s) dict_keys(['etl_dag']) retrieved from /opt/airflow/dags/my_first_dag.py
[2024-07-17T19:02:38.723+0000] {logging_mixin.py:154} INFO - [2024-07-17T19:02:38.723+0000] {dag.py:2941} INFO - Sync 1 DAGs
[2024-07-17T19:02:38.842+0000] {logging_mixin.py:154} INFO - [2024-07-17T19:02:38.841+0000] {dag.py:3722} INFO - Setting next_dagrun for etl_dag to 2024-07-17T00:00:00+00:00, run_after=2024-07-18T00:00:00+00:00
[2024-07-17T19:02:38.924+0000] {processor.py:179} INFO - Processing /opt/airflow/dags/my_first_dag.py took 0.634 seconds
[2024-07-17T19:03:09.104+0000] {processor.py:157} INFO - Started process (PID=782) to work on /opt/airflow/dags/my_first_dag.py
[2024-07-17T19:03:09.106+0000] {processor.py:829} INFO - Processing file /opt/airflow/dags/my_first_dag.py for tasks to queue
[2024-07-17T19:03:09.109+0000] {logging_mixin.py:154} INFO - [2024-07-17T19:03:09.109+0000] {dagbag.py:536} INFO - Filling up the DagBag from /opt/airflow/dags/my_first_dag.py
[2024-07-17T19:03:09.142+0000] {processor.py:839} INFO - DAG(s) dict_keys(['etl_dag']) retrieved from /opt/airflow/dags/my_first_dag.py
[2024-07-17T19:03:09.231+0000] {logging_mixin.py:154} INFO - [2024-07-17T19:03:09.231+0000] {dag.py:2941} INFO - Sync 1 DAGs
[2024-07-17T19:03:09.267+0000] {logging_mixin.py:154} INFO - [2024-07-17T19:03:09.266+0000] {dag.py:3722} INFO - Setting next_dagrun for etl_dag to 2024-07-17T00:00:00+00:00, run_after=2024-07-18T00:00:00+00:00
[2024-07-17T19:03:09.291+0000] {processor.py:179} INFO - Processing /opt/airflow/dags/my_first_dag.py took 0.192 seconds
[2024-07-17T19:03:39.469+0000] {processor.py:157} INFO - Started process (PID=791) to work on /opt/airflow/dags/my_first_dag.py
[2024-07-17T19:03:39.471+0000] {processor.py:829} INFO - Processing file /opt/airflow/dags/my_first_dag.py for tasks to queue
[2024-07-17T19:03:39.475+0000] {logging_mixin.py:154} INFO - [2024-07-17T19:03:39.474+0000] {dagbag.py:536} INFO - Filling up the DagBag from /opt/airflow/dags/my_first_dag.py
[2024-07-17T19:03:39.506+0000] {processor.py:839} INFO - DAG(s) dict_keys(['etl_dag']) retrieved from /opt/airflow/dags/my_first_dag.py
[2024-07-17T19:03:39.592+0000] {logging_mixin.py:154} INFO - [2024-07-17T19:03:39.592+0000] {dag.py:2941} INFO - Sync 1 DAGs
[2024-07-17T19:03:39.625+0000] {logging_mixin.py:154} INFO - [2024-07-17T19:03:39.624+0000] {dag.py:3722} INFO - Setting next_dagrun for etl_dag to 2024-07-17T00:00:00+00:00, run_after=2024-07-18T00:00:00+00:00
[2024-07-17T19:03:39.649+0000] {processor.py:179} INFO - Processing /opt/airflow/dags/my_first_dag.py took 0.186 seconds
[2024-07-17T19:03:59.567+0000] {processor.py:157} INFO - Started process (PID=799) to work on /opt/airflow/dags/my_first_dag.py
[2024-07-17T19:03:59.568+0000] {processor.py:829} INFO - Processing file /opt/airflow/dags/my_first_dag.py for tasks to queue
[2024-07-17T19:03:59.572+0000] {logging_mixin.py:154} INFO - [2024-07-17T19:03:59.571+0000] {dagbag.py:536} INFO - Filling up the DagBag from /opt/airflow/dags/my_first_dag.py
[2024-07-17T19:03:59.610+0000] {logging_mixin.py:154} INFO - [2024-07-17T19:03:59.608+0000] {dagbag.py:346} ERROR - Failed to import: /opt/airflow/dags/my_first_dag.py
Traceback (most recent call last):
  File "/home/airflow/.local/lib/python3.10/site-packages/airflow/models/dagbag.py", line 342, in parse
    loader.exec_module(new_module)
  File "<frozen importlib._bootstrap_external>", line 883, in exec_module
  File "<frozen importlib._bootstrap>", line 241, in _call_with_frames_removed
  File "/opt/airflow/dags/my_first_dag.py", line 9, in <module>
    BASE_DATA_COLLECTION_PATH = Variable.get(
  File "/home/airflow/.local/lib/python3.10/site-packages/airflow/models/variable.py", line 140, in get
    raise KeyError(f"Variable {key} does not exist")
KeyError: 'Variable BASE_DATA_COLLECTION_PATH does not exist'
[2024-07-17T19:03:59.611+0000] {processor.py:841} WARNING - No viable dags retrieved from /opt/airflow/dags/my_first_dag.py
[2024-07-17T19:03:59.625+0000] {processor.py:179} INFO - Processing /opt/airflow/dags/my_first_dag.py took 0.064 seconds
[2024-07-17T19:04:29.718+0000] {processor.py:157} INFO - Started process (PID=807) to work on /opt/airflow/dags/my_first_dag.py
[2024-07-17T19:04:29.720+0000] {processor.py:829} INFO - Processing file /opt/airflow/dags/my_first_dag.py for tasks to queue
[2024-07-17T19:04:29.723+0000] {logging_mixin.py:154} INFO - [2024-07-17T19:04:29.723+0000] {dagbag.py:536} INFO - Filling up the DagBag from /opt/airflow/dags/my_first_dag.py
[2024-07-17T19:04:29.751+0000] {logging_mixin.py:154} INFO - [2024-07-17T19:04:29.750+0000] {dagbag.py:346} ERROR - Failed to import: /opt/airflow/dags/my_first_dag.py
Traceback (most recent call last):
  File "/home/airflow/.local/lib/python3.10/site-packages/airflow/models/dagbag.py", line 342, in parse
    loader.exec_module(new_module)
  File "<frozen importlib._bootstrap_external>", line 883, in exec_module
  File "<frozen importlib._bootstrap>", line 241, in _call_with_frames_removed
  File "/opt/airflow/dags/my_first_dag.py", line 9, in <module>
    BASE_DATA_COLLECTION_PATH = Variable.get(
  File "/home/airflow/.local/lib/python3.10/site-packages/airflow/models/variable.py", line 140, in get
    raise KeyError(f"Variable {key} does not exist")
KeyError: 'Variable BASE_DATA_COLLECTION_PATH does not exist'
[2024-07-17T19:04:29.752+0000] {processor.py:841} WARNING - No viable dags retrieved from /opt/airflow/dags/my_first_dag.py
[2024-07-17T19:04:29.768+0000] {processor.py:179} INFO - Processing /opt/airflow/dags/my_first_dag.py took 0.056 seconds
[2024-07-17T19:04:59.958+0000] {processor.py:157} INFO - Started process (PID=815) to work on /opt/airflow/dags/my_first_dag.py
[2024-07-17T19:04:59.960+0000] {processor.py:829} INFO - Processing file /opt/airflow/dags/my_first_dag.py for tasks to queue
[2024-07-17T19:04:59.961+0000] {logging_mixin.py:154} INFO - [2024-07-17T19:04:59.961+0000] {dagbag.py:536} INFO - Filling up the DagBag from /opt/airflow/dags/my_first_dag.py
[2024-07-17T19:04:59.990+0000] {logging_mixin.py:154} INFO - [2024-07-17T19:04:59.988+0000] {dagbag.py:346} ERROR - Failed to import: /opt/airflow/dags/my_first_dag.py
Traceback (most recent call last):
  File "/home/airflow/.local/lib/python3.10/site-packages/airflow/models/dagbag.py", line 342, in parse
    loader.exec_module(new_module)
  File "<frozen importlib._bootstrap_external>", line 883, in exec_module
  File "<frozen importlib._bootstrap>", line 241, in _call_with_frames_removed
  File "/opt/airflow/dags/my_first_dag.py", line 9, in <module>
    BASE_DATA_COLLECTION_PATH = Variable.get(
  File "/home/airflow/.local/lib/python3.10/site-packages/airflow/models/variable.py", line 140, in get
    raise KeyError(f"Variable {key} does not exist")
KeyError: 'Variable BASE_DATA_COLLECTION_PATH does not exist'
[2024-07-17T19:04:59.991+0000] {processor.py:841} WARNING - No viable dags retrieved from /opt/airflow/dags/my_first_dag.py
[2024-07-17T19:05:00.007+0000] {processor.py:179} INFO - Processing /opt/airflow/dags/my_first_dag.py took 0.059 seconds
[2024-07-17T19:05:30.125+0000] {processor.py:157} INFO - Started process (PID=824) to work on /opt/airflow/dags/my_first_dag.py
[2024-07-17T19:05:30.132+0000] {processor.py:829} INFO - Processing file /opt/airflow/dags/my_first_dag.py for tasks to queue
[2024-07-17T19:05:30.137+0000] {logging_mixin.py:154} INFO - [2024-07-17T19:05:30.134+0000] {dagbag.py:536} INFO - Filling up the DagBag from /opt/airflow/dags/my_first_dag.py
[2024-07-17T19:05:30.198+0000] {logging_mixin.py:154} INFO - [2024-07-17T19:05:30.195+0000] {dagbag.py:346} ERROR - Failed to import: /opt/airflow/dags/my_first_dag.py
Traceback (most recent call last):
  File "/home/airflow/.local/lib/python3.10/site-packages/airflow/models/dagbag.py", line 342, in parse
    loader.exec_module(new_module)
  File "<frozen importlib._bootstrap_external>", line 883, in exec_module
  File "<frozen importlib._bootstrap>", line 241, in _call_with_frames_removed
  File "/opt/airflow/dags/my_first_dag.py", line 9, in <module>
    BASE_DATA_COLLECTION_PATH = Variable.get(
  File "/home/airflow/.local/lib/python3.10/site-packages/airflow/models/variable.py", line 140, in get
    raise KeyError(f"Variable {key} does not exist")
KeyError: 'Variable BASE_DATA_COLLECTION_PATH does not exist'
[2024-07-17T19:05:30.199+0000] {processor.py:841} WARNING - No viable dags retrieved from /opt/airflow/dags/my_first_dag.py
[2024-07-17T19:05:30.225+0000] {processor.py:179} INFO - Processing /opt/airflow/dags/my_first_dag.py took 0.116 seconds
[2024-07-17T19:06:00.335+0000] {processor.py:157} INFO - Started process (PID=831) to work on /opt/airflow/dags/my_first_dag.py
[2024-07-17T19:06:00.337+0000] {processor.py:829} INFO - Processing file /opt/airflow/dags/my_first_dag.py for tasks to queue
[2024-07-17T19:06:00.338+0000] {logging_mixin.py:154} INFO - [2024-07-17T19:06:00.338+0000] {dagbag.py:536} INFO - Filling up the DagBag from /opt/airflow/dags/my_first_dag.py
[2024-07-17T19:06:00.366+0000] {logging_mixin.py:154} INFO - [2024-07-17T19:06:00.364+0000] {dagbag.py:346} ERROR - Failed to import: /opt/airflow/dags/my_first_dag.py
Traceback (most recent call last):
  File "/home/airflow/.local/lib/python3.10/site-packages/airflow/models/dagbag.py", line 342, in parse
    loader.exec_module(new_module)
  File "<frozen importlib._bootstrap_external>", line 883, in exec_module
  File "<frozen importlib._bootstrap>", line 241, in _call_with_frames_removed
  File "/opt/airflow/dags/my_first_dag.py", line 9, in <module>
    BASE_DATA_COLLECTION_PATH = Variable.get(
  File "/home/airflow/.local/lib/python3.10/site-packages/airflow/models/variable.py", line 140, in get
    raise KeyError(f"Variable {key} does not exist")
KeyError: 'Variable BASE_DATA_COLLECTION_PATH does not exist'
[2024-07-17T19:06:00.366+0000] {processor.py:841} WARNING - No viable dags retrieved from /opt/airflow/dags/my_first_dag.py
[2024-07-17T19:06:00.382+0000] {processor.py:179} INFO - Processing /opt/airflow/dags/my_first_dag.py took 0.052 seconds
[2024-07-17T19:06:30.525+0000] {processor.py:157} INFO - Started process (PID=840) to work on /opt/airflow/dags/my_first_dag.py
[2024-07-17T19:06:30.527+0000] {processor.py:829} INFO - Processing file /opt/airflow/dags/my_first_dag.py for tasks to queue
[2024-07-17T19:06:30.528+0000] {logging_mixin.py:154} INFO - [2024-07-17T19:06:30.527+0000] {dagbag.py:536} INFO - Filling up the DagBag from /opt/airflow/dags/my_first_dag.py
[2024-07-17T19:06:30.554+0000] {logging_mixin.py:154} INFO - [2024-07-17T19:06:30.552+0000] {dagbag.py:346} ERROR - Failed to import: /opt/airflow/dags/my_first_dag.py
Traceback (most recent call last):
  File "/home/airflow/.local/lib/python3.10/site-packages/airflow/models/dagbag.py", line 342, in parse
    loader.exec_module(new_module)
  File "<frozen importlib._bootstrap_external>", line 883, in exec_module
  File "<frozen importlib._bootstrap>", line 241, in _call_with_frames_removed
  File "/opt/airflow/dags/my_first_dag.py", line 9, in <module>
    BASE_DATA_COLLECTION_PATH = Variable.get(
  File "/home/airflow/.local/lib/python3.10/site-packages/airflow/models/variable.py", line 140, in get
    raise KeyError(f"Variable {key} does not exist")
KeyError: 'Variable BASE_DATA_COLLECTION_PATH does not exist'
[2024-07-17T19:06:30.554+0000] {processor.py:841} WARNING - No viable dags retrieved from /opt/airflow/dags/my_first_dag.py
[2024-07-17T19:06:30.566+0000] {processor.py:179} INFO - Processing /opt/airflow/dags/my_first_dag.py took 0.047 seconds
[2024-07-17T19:07:00.690+0000] {processor.py:157} INFO - Started process (PID=848) to work on /opt/airflow/dags/my_first_dag.py
[2024-07-17T19:07:00.691+0000] {processor.py:829} INFO - Processing file /opt/airflow/dags/my_first_dag.py for tasks to queue
[2024-07-17T19:07:00.692+0000] {logging_mixin.py:154} INFO - [2024-07-17T19:07:00.692+0000] {dagbag.py:536} INFO - Filling up the DagBag from /opt/airflow/dags/my_first_dag.py
[2024-07-17T19:07:00.719+0000] {logging_mixin.py:154} INFO - [2024-07-17T19:07:00.718+0000] {dagbag.py:346} ERROR - Failed to import: /opt/airflow/dags/my_first_dag.py
Traceback (most recent call last):
  File "/home/airflow/.local/lib/python3.10/site-packages/airflow/models/dagbag.py", line 342, in parse
    loader.exec_module(new_module)
  File "<frozen importlib._bootstrap_external>", line 883, in exec_module
  File "<frozen importlib._bootstrap>", line 241, in _call_with_frames_removed
  File "/opt/airflow/dags/my_first_dag.py", line 9, in <module>
    BASE_DATA_COLLECTION_PATH = Variable.get(
  File "/home/airflow/.local/lib/python3.10/site-packages/airflow/models/variable.py", line 140, in get
    raise KeyError(f"Variable {key} does not exist")
KeyError: 'Variable BASE_DATA_COLLECTION_PATH does not exist'
[2024-07-17T19:07:00.720+0000] {processor.py:841} WARNING - No viable dags retrieved from /opt/airflow/dags/my_first_dag.py
[2024-07-17T19:07:00.732+0000] {processor.py:179} INFO - Processing /opt/airflow/dags/my_first_dag.py took 0.048 seconds
[2024-07-17T19:07:30.876+0000] {processor.py:157} INFO - Started process (PID=856) to work on /opt/airflow/dags/my_first_dag.py
[2024-07-17T19:07:30.878+0000] {processor.py:829} INFO - Processing file /opt/airflow/dags/my_first_dag.py for tasks to queue
[2024-07-17T19:07:30.879+0000] {logging_mixin.py:154} INFO - [2024-07-17T19:07:30.878+0000] {dagbag.py:536} INFO - Filling up the DagBag from /opt/airflow/dags/my_first_dag.py
[2024-07-17T19:07:30.905+0000] {logging_mixin.py:154} INFO - [2024-07-17T19:07:30.904+0000] {dagbag.py:346} ERROR - Failed to import: /opt/airflow/dags/my_first_dag.py
Traceback (most recent call last):
  File "/home/airflow/.local/lib/python3.10/site-packages/airflow/models/dagbag.py", line 342, in parse
    loader.exec_module(new_module)
  File "<frozen importlib._bootstrap_external>", line 883, in exec_module
  File "<frozen importlib._bootstrap>", line 241, in _call_with_frames_removed
  File "/opt/airflow/dags/my_first_dag.py", line 9, in <module>
    BASE_DATA_COLLECTION_PATH = Variable.get(
  File "/home/airflow/.local/lib/python3.10/site-packages/airflow/models/variable.py", line 140, in get
    raise KeyError(f"Variable {key} does not exist")
KeyError: 'Variable BASE_DATA_COLLECTION_PATH does not exist'
[2024-07-17T19:07:30.906+0000] {processor.py:841} WARNING - No viable dags retrieved from /opt/airflow/dags/my_first_dag.py
[2024-07-17T19:07:30.919+0000] {processor.py:179} INFO - Processing /opt/airflow/dags/my_first_dag.py took 0.048 seconds
[2024-07-17T19:08:01.043+0000] {processor.py:157} INFO - Started process (PID=865) to work on /opt/airflow/dags/my_first_dag.py
[2024-07-17T19:08:01.045+0000] {processor.py:829} INFO - Processing file /opt/airflow/dags/my_first_dag.py for tasks to queue
[2024-07-17T19:08:01.046+0000] {logging_mixin.py:154} INFO - [2024-07-17T19:08:01.046+0000] {dagbag.py:536} INFO - Filling up the DagBag from /opt/airflow/dags/my_first_dag.py
[2024-07-17T19:08:01.073+0000] {logging_mixin.py:154} INFO - [2024-07-17T19:08:01.072+0000] {dagbag.py:346} ERROR - Failed to import: /opt/airflow/dags/my_first_dag.py
Traceback (most recent call last):
  File "/home/airflow/.local/lib/python3.10/site-packages/airflow/models/dagbag.py", line 342, in parse
    loader.exec_module(new_module)
  File "<frozen importlib._bootstrap_external>", line 883, in exec_module
  File "<frozen importlib._bootstrap>", line 241, in _call_with_frames_removed
  File "/opt/airflow/dags/my_first_dag.py", line 9, in <module>
    BASE_DATA_COLLECTION_PATH = Variable.get(
  File "/home/airflow/.local/lib/python3.10/site-packages/airflow/models/variable.py", line 140, in get
    raise KeyError(f"Variable {key} does not exist")
KeyError: 'Variable BASE_DATA_COLLECTION_PATH does not exist'
[2024-07-17T19:08:01.074+0000] {processor.py:841} WARNING - No viable dags retrieved from /opt/airflow/dags/my_first_dag.py
[2024-07-17T19:08:01.087+0000] {processor.py:179} INFO - Processing /opt/airflow/dags/my_first_dag.py took 0.051 seconds
[2024-07-17T19:08:31.210+0000] {processor.py:157} INFO - Started process (PID=872) to work on /opt/airflow/dags/my_first_dag.py
[2024-07-17T19:08:31.212+0000] {processor.py:829} INFO - Processing file /opt/airflow/dags/my_first_dag.py for tasks to queue
[2024-07-17T19:08:31.213+0000] {logging_mixin.py:154} INFO - [2024-07-17T19:08:31.213+0000] {dagbag.py:536} INFO - Filling up the DagBag from /opt/airflow/dags/my_first_dag.py
[2024-07-17T19:08:31.241+0000] {logging_mixin.py:154} INFO - [2024-07-17T19:08:31.240+0000] {dagbag.py:346} ERROR - Failed to import: /opt/airflow/dags/my_first_dag.py
Traceback (most recent call last):
  File "/home/airflow/.local/lib/python3.10/site-packages/airflow/models/dagbag.py", line 342, in parse
    loader.exec_module(new_module)
  File "<frozen importlib._bootstrap_external>", line 883, in exec_module
  File "<frozen importlib._bootstrap>", line 241, in _call_with_frames_removed
  File "/opt/airflow/dags/my_first_dag.py", line 9, in <module>
    BASE_DATA_COLLECTION_PATH = Variable.get(
  File "/home/airflow/.local/lib/python3.10/site-packages/airflow/models/variable.py", line 140, in get
    raise KeyError(f"Variable {key} does not exist")
KeyError: 'Variable BASE_DATA_COLLECTION_PATH does not exist'
[2024-07-17T19:08:31.242+0000] {processor.py:841} WARNING - No viable dags retrieved from /opt/airflow/dags/my_first_dag.py
[2024-07-17T19:08:31.254+0000] {processor.py:179} INFO - Processing /opt/airflow/dags/my_first_dag.py took 0.050 seconds
[2024-07-17T19:09:01.394+0000] {processor.py:157} INFO - Started process (PID=881) to work on /opt/airflow/dags/my_first_dag.py
[2024-07-17T19:09:01.395+0000] {processor.py:829} INFO - Processing file /opt/airflow/dags/my_first_dag.py for tasks to queue
[2024-07-17T19:09:01.397+0000] {logging_mixin.py:154} INFO - [2024-07-17T19:09:01.396+0000] {dagbag.py:536} INFO - Filling up the DagBag from /opt/airflow/dags/my_first_dag.py
[2024-07-17T19:09:01.423+0000] {logging_mixin.py:154} INFO - [2024-07-17T19:09:01.421+0000] {dagbag.py:346} ERROR - Failed to import: /opt/airflow/dags/my_first_dag.py
Traceback (most recent call last):
  File "/home/airflow/.local/lib/python3.10/site-packages/airflow/models/dagbag.py", line 342, in parse
    loader.exec_module(new_module)
  File "<frozen importlib._bootstrap_external>", line 883, in exec_module
  File "<frozen importlib._bootstrap>", line 241, in _call_with_frames_removed
  File "/opt/airflow/dags/my_first_dag.py", line 9, in <module>
    BASE_DATA_COLLECTION_PATH = Variable.get(
  File "/home/airflow/.local/lib/python3.10/site-packages/airflow/models/variable.py", line 140, in get
    raise KeyError(f"Variable {key} does not exist")
KeyError: 'Variable BASE_DATA_COLLECTION_PATH does not exist'
[2024-07-17T19:09:01.424+0000] {processor.py:841} WARNING - No viable dags retrieved from /opt/airflow/dags/my_first_dag.py
[2024-07-17T19:09:01.437+0000] {processor.py:179} INFO - Processing /opt/airflow/dags/my_first_dag.py took 0.050 seconds
[2024-07-17T19:09:31.565+0000] {processor.py:157} INFO - Started process (PID=888) to work on /opt/airflow/dags/my_first_dag.py
[2024-07-17T19:09:31.567+0000] {processor.py:829} INFO - Processing file /opt/airflow/dags/my_first_dag.py for tasks to queue
[2024-07-17T19:09:31.568+0000] {logging_mixin.py:154} INFO - [2024-07-17T19:09:31.568+0000] {dagbag.py:536} INFO - Filling up the DagBag from /opt/airflow/dags/my_first_dag.py
[2024-07-17T19:09:31.601+0000] {logging_mixin.py:154} INFO - [2024-07-17T19:09:31.599+0000] {dagbag.py:346} ERROR - Failed to import: /opt/airflow/dags/my_first_dag.py
Traceback (most recent call last):
  File "/home/airflow/.local/lib/python3.10/site-packages/airflow/models/dagbag.py", line 342, in parse
    loader.exec_module(new_module)
  File "<frozen importlib._bootstrap_external>", line 883, in exec_module
  File "<frozen importlib._bootstrap>", line 241, in _call_with_frames_removed
  File "/opt/airflow/dags/my_first_dag.py", line 9, in <module>
    BASE_DATA_COLLECTION_PATH = Variable.get(
  File "/home/airflow/.local/lib/python3.10/site-packages/airflow/models/variable.py", line 140, in get
    raise KeyError(f"Variable {key} does not exist")
KeyError: 'Variable BASE_DATA_COLLECTION_PATH does not exist'
[2024-07-17T19:09:31.601+0000] {processor.py:841} WARNING - No viable dags retrieved from /opt/airflow/dags/my_first_dag.py
[2024-07-17T19:09:31.620+0000] {processor.py:179} INFO - Processing /opt/airflow/dags/my_first_dag.py took 0.061 seconds
[2024-07-17T19:10:01.759+0000] {processor.py:157} INFO - Started process (PID=896) to work on /opt/airflow/dags/my_first_dag.py
[2024-07-17T19:10:01.761+0000] {processor.py:829} INFO - Processing file /opt/airflow/dags/my_first_dag.py for tasks to queue
[2024-07-17T19:10:01.762+0000] {logging_mixin.py:154} INFO - [2024-07-17T19:10:01.762+0000] {dagbag.py:536} INFO - Filling up the DagBag from /opt/airflow/dags/my_first_dag.py
[2024-07-17T19:10:01.791+0000] {logging_mixin.py:154} INFO - [2024-07-17T19:10:01.789+0000] {dagbag.py:346} ERROR - Failed to import: /opt/airflow/dags/my_first_dag.py
Traceback (most recent call last):
  File "/home/airflow/.local/lib/python3.10/site-packages/airflow/models/dagbag.py", line 342, in parse
    loader.exec_module(new_module)
  File "<frozen importlib._bootstrap_external>", line 883, in exec_module
  File "<frozen importlib._bootstrap>", line 241, in _call_with_frames_removed
  File "/opt/airflow/dags/my_first_dag.py", line 9, in <module>
    BASE_DATA_COLLECTION_PATH = Variable.get(
  File "/home/airflow/.local/lib/python3.10/site-packages/airflow/models/variable.py", line 140, in get
    raise KeyError(f"Variable {key} does not exist")
KeyError: 'Variable BASE_DATA_COLLECTION_PATH does not exist'
[2024-07-17T19:10:01.792+0000] {processor.py:841} WARNING - No viable dags retrieved from /opt/airflow/dags/my_first_dag.py
[2024-07-17T19:10:01.805+0000] {processor.py:179} INFO - Processing /opt/airflow/dags/my_first_dag.py took 0.052 seconds
[2024-07-17T19:10:31.983+0000] {processor.py:157} INFO - Started process (PID=903) to work on /opt/airflow/dags/my_first_dag.py
[2024-07-17T19:10:31.985+0000] {processor.py:829} INFO - Processing file /opt/airflow/dags/my_first_dag.py for tasks to queue
[2024-07-17T19:10:31.987+0000] {logging_mixin.py:154} INFO - [2024-07-17T19:10:31.987+0000] {dagbag.py:536} INFO - Filling up the DagBag from /opt/airflow/dags/my_first_dag.py
[2024-07-17T19:10:32.050+0000] {logging_mixin.py:154} INFO - [2024-07-17T19:10:32.033+0000] {dagbag.py:346} ERROR - Failed to import: /opt/airflow/dags/my_first_dag.py
Traceback (most recent call last):
  File "/home/airflow/.local/lib/python3.10/site-packages/airflow/models/dagbag.py", line 342, in parse
    loader.exec_module(new_module)
  File "<frozen importlib._bootstrap_external>", line 883, in exec_module
  File "<frozen importlib._bootstrap>", line 241, in _call_with_frames_removed
  File "/opt/airflow/dags/my_first_dag.py", line 9, in <module>
    BASE_DATA_COLLECTION_PATH = Variable.get(
  File "/home/airflow/.local/lib/python3.10/site-packages/airflow/models/variable.py", line 140, in get
    raise KeyError(f"Variable {key} does not exist")
KeyError: 'Variable BASE_DATA_COLLECTION_PATH does not exist'
[2024-07-17T19:10:32.056+0000] {processor.py:841} WARNING - No viable dags retrieved from /opt/airflow/dags/my_first_dag.py
[2024-07-17T19:10:32.075+0000] {processor.py:179} INFO - Processing /opt/airflow/dags/my_first_dag.py took 0.134 seconds
[2024-07-17T19:11:02.137+0000] {processor.py:157} INFO - Started process (PID=911) to work on /opt/airflow/dags/my_first_dag.py
[2024-07-17T19:11:02.138+0000] {processor.py:829} INFO - Processing file /opt/airflow/dags/my_first_dag.py for tasks to queue
[2024-07-17T19:11:02.140+0000] {logging_mixin.py:154} INFO - [2024-07-17T19:11:02.139+0000] {dagbag.py:536} INFO - Filling up the DagBag from /opt/airflow/dags/my_first_dag.py
[2024-07-17T19:11:02.167+0000] {logging_mixin.py:154} INFO - [2024-07-17T19:11:02.166+0000] {dagbag.py:346} ERROR - Failed to import: /opt/airflow/dags/my_first_dag.py
Traceback (most recent call last):
  File "/home/airflow/.local/lib/python3.10/site-packages/airflow/models/dagbag.py", line 342, in parse
    loader.exec_module(new_module)
  File "<frozen importlib._bootstrap_external>", line 883, in exec_module
  File "<frozen importlib._bootstrap>", line 241, in _call_with_frames_removed
  File "/opt/airflow/dags/my_first_dag.py", line 9, in <module>
    BASE_DATA_COLLECTION_PATH = Variable.get(
  File "/home/airflow/.local/lib/python3.10/site-packages/airflow/models/variable.py", line 140, in get
    raise KeyError(f"Variable {key} does not exist")
KeyError: 'Variable BASE_DATA_COLLECTION_PATH does not exist'
[2024-07-17T19:11:02.168+0000] {processor.py:841} WARNING - No viable dags retrieved from /opt/airflow/dags/my_first_dag.py
[2024-07-17T19:11:02.187+0000] {processor.py:179} INFO - Processing /opt/airflow/dags/my_first_dag.py took 0.055 seconds
